2019-09-20 14:50:31.634 [ main ] - [ INFO  ] [ com.portal.mayikt.com.mayikt.portal.PortalWebApplication : 647 ] - No active profile set, falling back to default profiles: default
2019-09-20 14:50:32.901 [ main ] - [ WARN  ] [ c.c.f.f.i.provider.DefaultApplicationProvider : 98 ] - app.id is not available from System Property and /META-INF/app.properties. It is set to null
2019-09-20 14:50:32.904 [ main ] - [ INFO  ] [ c.c.f.f.internals.provider.DefaultServerProvider : 130 ] - Environment is set to null. Because it is not available in either (1) JVM system property 'env', (2) OS env variable 'ENV' nor (3) property 'env' from the properties InputStream.
2019-09-20 14:50:33.015 [ main ] - [ WARN  ] [ c.c.f.apollo.internals.DefaultMetaServerProvider : 39 ] - Could not find meta server address, because it is not available in neither (1) JVM system property 'apollo.meta', (2) OS env variable 'APOLLO_META' (3) property 'apollo.meta' from server.properties nor (4) property 'apollo.meta' from app.properties
2019-09-20 14:50:33.018 [ main ] - [ WARN  ] [ com.ctrip.framework.apollo.core.MetaDomainConsts : 96 ] - Meta server address fallback to http://apollo.meta for env UNKNOWN, because it is not available in all MetaServerProviders
2019-09-20 14:50:33.019 [ main ] - [ WARN  ] [ com.ctrip.framework.apollo.util.ConfigUtil : 58 ] - app.id is not set, please make sure it is set in classpath:/META-INF/app.properties, now apollo will only load public namespace configurations!
2019-09-20 14:50:53.605 [ main ] - [ WARN  ] [ com.ctrip.framework.apollo.util.ConfigUtil : 58 ] - app.id is not set, please make sure it is set in classpath:/META-INF/app.properties, now apollo will only load public namespace configurations!
2019-09-20 14:50:53.607 [ main ] - [ WARN  ] [ com.ctrip.framework.apollo.util.ConfigUtil : 58 ] - app.id is not set, please make sure it is set in classpath:/META-INF/app.properties, now apollo will only load public namespace configurations!
2019-09-20 14:50:55.608 [ main ] - [ WARN  ] [ c.c.f.apollo.internals.AbstractConfigRepository : 26 ] - Sync config failed, will retry. Repository class com.ctrip.framework.apollo.internals.RemoteConfigRepository, reason: Get config services failed from http://apollo.meta/services/config?appId=ApolloNoAppIdPlaceHolder&ip=192.168.137.1 [Cause: Could not complete get operation [Cause: apollo.meta]]
2019-09-20 14:50:55.609 [ main ] - [ WARN  ] [ com.ctrip.framework.apollo.util.ConfigUtil : 58 ] - app.id is not set, please make sure it is set in classpath:/META-INF/app.properties, now apollo will only load public namespace configurations!
2019-09-20 14:50:55.609 [ main ] - [ WARN  ] [ com.ctrip.framework.apollo.util.ConfigUtil : 58 ] - app.id is not set, please make sure it is set in classpath:/META-INF/app.properties, now apollo will only load public namespace configurations!
2019-09-20 14:50:55.613 [ main ] - [ WARN  ] [ com.ctrip.framework.apollo.util.ConfigUtil : 58 ] - app.id is not set, please make sure it is set in classpath:/META-INF/app.properties, now apollo will only load public namespace configurations!
2019-09-20 14:50:55.613 [ main ] - [ WARN  ] [ com.ctrip.framework.apollo.util.ConfigUtil : 58 ] - app.id is not set, please make sure it is set in classpath:/META-INF/app.properties, now apollo will only load public namespace configurations!
2019-09-20 14:50:57.616 [ main ] - [ WARN  ] [ c.c.f.apollo.internals.LocalFileConfigRepository : 158 ] - Sync config from upstream repository class com.ctrip.framework.apollo.internals.RemoteConfigRepository failed, reason: Get config services failed from http://apollo.meta/services/config?appId=ApolloNoAppIdPlaceHolder&ip=192.168.137.1 [Cause: Could not complete get operation [Cause: apollo.meta]]
2019-09-20 14:50:57.616 [ Apollo-RemoteConfigLongPollService-1 ] - [ WARN  ] [ com.ctrip.framework.apollo.util.ConfigUtil : 58 ] - app.id is not set, please make sure it is set in classpath:/META-INF/app.properties, now apollo will only load public namespace configurations!
2019-09-20 14:50:57.617 [ main ] - [ WARN  ] [ com.ctrip.framework.apollo.util.ConfigUtil : 58 ] - app.id is not set, please make sure it is set in classpath:/META-INF/app.properties, now apollo will only load public namespace configurations!
2019-09-20 14:50:59.619 [ main ] - [ WARN  ] [ com.ctrip.framework.apollo.util.ConfigUtil : 58 ] - app.id is not set, please make sure it is set in classpath:/META-INF/app.properties, now apollo will only load public namespace configurations!
2019-09-20 14:50:59.620 [ Apollo-RemoteConfigLongPollService-1 ] - [ WARN  ] [ c.c.f.apollo.internals.RemoteConfigLongPollService : 193 ] - Long polling failed, will retry in 1 seconds. appId: ApolloNoAppIdPlaceHolder, cluster: default, namespaces: application, long polling url: null, reason: Get config services failed from http://apollo.meta/services/config?appId=ApolloNoAppIdPlaceHolder&ip=192.168.137.1 [Cause: Could not complete get operation [Cause: apollo.meta]]
2019-09-20 14:51:01.620 [ main ] - [ WARN  ] [ c.c.f.apollo.internals.LocalFileConfigRepository : 158 ] - Sync config from upstream repository class com.ctrip.framework.apollo.internals.RemoteConfigRepository failed, reason: Get config services failed from http://apollo.meta/services/config?appId=ApolloNoAppIdPlaceHolder&ip=192.168.137.1 [Cause: Could not complete get operation [Cause: apollo.meta]]
2019-09-20 14:51:01.620 [ Apollo-RemoteConfigLongPollService-1 ] - [ WARN  ] [ com.ctrip.framework.apollo.util.ConfigUtil : 58 ] - app.id is not set, please make sure it is set in classpath:/META-INF/app.properties, now apollo will only load public namespace configurations!
2019-09-20 14:51:01.622 [ main ] - [ WARN  ] [ com.ctrip.framework.apollo.util.ConfigUtil : 58 ] - app.id is not set, please make sure it is set in classpath:/META-INF/app.properties, now apollo will only load public namespace configurations!
2019-09-20 14:51:01.623 [ main ] - [ WARN  ] [ c.c.f.apollo.internals.AbstractConfigRepository : 26 ] - Sync config failed, will retry. Repository class com.ctrip.framework.apollo.internals.LocalFileConfigRepository, reason: Load config from local config failed! [Cause: Cannot read from local cache file C:\opt\data\ApolloNoAppIdPlaceHolder\config-cache\ApolloNoAppIdPlaceHolder+default+application.properties]
2019-09-20 14:51:01.624 [ main ] - [ WARN  ] [ com.ctrip.framework.apollo.util.ConfigUtil : 58 ] - app.id is not set, please make sure it is set in classpath:/META-INF/app.properties, now apollo will only load public namespace configurations!
2019-09-20 14:51:03.671 [ Apollo-RemoteConfigLongPollService-1 ] - [ WARN  ] [ c.c.f.apollo.internals.RemoteConfigLongPollService : 193 ] - Long polling failed, will retry in 2 seconds. appId: ApolloNoAppIdPlaceHolder, cluster: default, namespaces: application, long polling url: null, reason: Get config services failed from http://apollo.meta/services/config?appId=ApolloNoAppIdPlaceHolder&ip=192.168.137.1 [Cause: Could not complete get operation [Cause: apollo.meta]]
2019-09-20 14:51:03.671 [ main ] - [ WARN  ] [ com.ctrip.framework.apollo.util.ConfigUtil : 58 ] - app.id is not set, please make sure it is set in classpath:/META-INF/app.properties, now apollo will only load public namespace configurations!
2019-09-20 14:51:05.671 [ Apollo-RemoteConfigLongPollService-1 ] - [ WARN  ] [ com.ctrip.framework.apollo.util.ConfigUtil : 58 ] - app.id is not set, please make sure it is set in classpath:/META-INF/app.properties, now apollo will only load public namespace configurations!
2019-09-20 14:51:05.671 [ main ] - [ WARN  ] [ c.c.f.apollo.internals.LocalFileConfigRepository : 158 ] - Sync config from upstream repository class com.ctrip.framework.apollo.internals.RemoteConfigRepository failed, reason: Get config services failed from http://apollo.meta/services/config?appId=ApolloNoAppIdPlaceHolder&ip=192.168.137.1 [Cause: Could not complete get operation [Cause: apollo.meta]]
2019-09-20 14:51:05.672 [ main ] - [ WARN  ] [ com.ctrip.framework.apollo.util.ConfigUtil : 58 ] - app.id is not set, please make sure it is set in classpath:/META-INF/app.properties, now apollo will only load public namespace configurations!
2019-09-20 14:51:05.672 [ main ] - [ WARN  ] [ com.ctrip.framework.apollo.internals.DefaultConfig : 58 ] - Init Apollo Local Config failed - namespace: application, reason: Load config from local config failed! [Cause: Cannot read from local cache file C:\opt\data\ApolloNoAppIdPlaceHolder\config-cache\ApolloNoAppIdPlaceHolder+default+application.properties].
2019-09-20 14:51:05.692 [ main ] - [ WARN  ] [ com.ctrip.framework.apollo.internals.DefaultConfig : 92 ] - Could not load config for namespace application from Apollo, please check whether the configs are released in Apollo! Return default value now!
2019-09-20 14:51:06.057 [ main ] - [ ERROR ] [ com.unity.core.config.WebConfiguration : 47 ] - ====WebMvcConfig.WebServerFactoryCustomizer===404错误跳转页面:/common/404.html
2019-09-20 14:51:06.226 [ main ] - [ INFO  ] [ org.apache.coyote.http11.Http11NioProtocol : 173 ] - Initializing ProtocolHandler ["http-nio-8080"]
2019-09-20 14:51:06.234 [ main ] - [ INFO  ] [ org.apache.catalina.core.StandardService : 173 ] - Starting service [Tomcat]
2019-09-20 14:51:06.235 [ main ] - [ INFO  ] [ org.apache.catalina.core.StandardEngine : 173 ] - Starting Servlet engine: [Apache Tomcat/9.0.22]
2019-09-20 14:51:06.392 [ main ] - [ INFO  ] [ o.a.c.core.ContainerBase.[Tomcat].[localhost].[/] : 173 ] - Initializing Spring embedded WebApplicationContext
2019-09-20 14:51:07.157 [ main ] - [ INFO  ] [ org.apache.catalina.core.StandardService : 173 ] - Stopping service [Tomcat]
2019-09-20 14:52:03.109 [ main ] - [ INFO  ] [ com.portal.mayikt.com.mayikt.portal.PortalWebApplication : 647 ] - No active profile set, falling back to default profiles: default
2019-09-20 14:52:03.832 [ main ] - [ WARN  ] [ c.c.f.f.i.provider.DefaultApplicationProvider : 98 ] - app.id is not available from System Property and /META-INF/app.properties. It is set to null
2019-09-20 14:52:03.835 [ main ] - [ INFO  ] [ c.c.f.f.internals.provider.DefaultServerProvider : 130 ] - Environment is set to null. Because it is not available in either (1) JVM system property 'env', (2) OS env variable 'ENV' nor (3) property 'env' from the properties InputStream.
2019-09-20 14:52:03.933 [ main ] - [ WARN  ] [ c.c.f.apollo.internals.DefaultMetaServerProvider : 39 ] - Could not find meta server address, because it is not available in neither (1) JVM system property 'apollo.meta', (2) OS env variable 'APOLLO_META' (3) property 'apollo.meta' from server.properties nor (4) property 'apollo.meta' from app.properties
2019-09-20 14:52:03.936 [ main ] - [ WARN  ] [ com.ctrip.framework.apollo.core.MetaDomainConsts : 96 ] - Meta server address fallback to http://apollo.meta for env UNKNOWN, because it is not available in all MetaServerProviders
2019-09-20 14:52:03.937 [ main ] - [ WARN  ] [ com.ctrip.framework.apollo.util.ConfigUtil : 58 ] - app.id is not set, please make sure it is set in classpath:/META-INF/app.properties, now apollo will only load public namespace configurations!
2019-09-20 14:52:24.541 [ main ] - [ WARN  ] [ com.ctrip.framework.apollo.util.ConfigUtil : 58 ] - app.id is not set, please make sure it is set in classpath:/META-INF/app.properties, now apollo will only load public namespace configurations!
2019-09-20 14:52:24.542 [ main ] - [ WARN  ] [ com.ctrip.framework.apollo.util.ConfigUtil : 58 ] - app.id is not set, please make sure it is set in classpath:/META-INF/app.properties, now apollo will only load public namespace configurations!
2019-09-20 14:52:26.543 [ main ] - [ WARN  ] [ c.c.f.apollo.internals.AbstractConfigRepository : 26 ] - Sync config failed, will retry. Repository class com.ctrip.framework.apollo.internals.RemoteConfigRepository, reason: Get config services failed from http://apollo.meta/services/config?appId=ApolloNoAppIdPlaceHolder&ip=192.168.137.1 [Cause: Could not complete get operation [Cause: apollo.meta]]
2019-09-20 14:52:26.544 [ main ] - [ WARN  ] [ com.ctrip.framework.apollo.util.ConfigUtil : 58 ] - app.id is not set, please make sure it is set in classpath:/META-INF/app.properties, now apollo will only load public namespace configurations!
2019-09-20 14:52:26.545 [ main ] - [ WARN  ] [ com.ctrip.framework.apollo.util.ConfigUtil : 58 ] - app.id is not set, please make sure it is set in classpath:/META-INF/app.properties, now apollo will only load public namespace configurations!
2019-09-20 14:52:26.548 [ main ] - [ WARN  ] [ com.ctrip.framework.apollo.util.ConfigUtil : 58 ] - app.id is not set, please make sure it is set in classpath:/META-INF/app.properties, now apollo will only load public namespace configurations!
2019-09-20 14:52:26.549 [ main ] - [ WARN  ] [ com.ctrip.framework.apollo.util.ConfigUtil : 58 ] - app.id is not set, please make sure it is set in classpath:/META-INF/app.properties, now apollo will only load public namespace configurations!
2019-09-20 14:52:28.550 [ main ] - [ WARN  ] [ c.c.f.apollo.internals.LocalFileConfigRepository : 158 ] - Sync config from upstream repository class com.ctrip.framework.apollo.internals.RemoteConfigRepository failed, reason: Get config services failed from http://apollo.meta/services/config?appId=ApolloNoAppIdPlaceHolder&ip=192.168.137.1 [Cause: Could not complete get operation [Cause: apollo.meta]]
2019-09-20 14:52:28.550 [ Apollo-RemoteConfigLongPollService-1 ] - [ WARN  ] [ com.ctrip.framework.apollo.util.ConfigUtil : 58 ] - app.id is not set, please make sure it is set in classpath:/META-INF/app.properties, now apollo will only load public namespace configurations!
2019-09-20 14:52:28.551 [ main ] - [ WARN  ] [ com.ctrip.framework.apollo.util.ConfigUtil : 58 ] - app.id is not set, please make sure it is set in classpath:/META-INF/app.properties, now apollo will only load public namespace configurations!
2019-09-20 14:52:30.554 [ main ] - [ WARN  ] [ com.ctrip.framework.apollo.util.ConfigUtil : 58 ] - app.id is not set, please make sure it is set in classpath:/META-INF/app.properties, now apollo will only load public namespace configurations!
2019-09-20 14:52:30.555 [ Apollo-RemoteConfigLongPollService-1 ] - [ WARN  ] [ c.c.f.apollo.internals.RemoteConfigLongPollService : 193 ] - Long polling failed, will retry in 1 seconds. appId: ApolloNoAppIdPlaceHolder, cluster: default, namespaces: application, long polling url: null, reason: Get config services failed from http://apollo.meta/services/config?appId=ApolloNoAppIdPlaceHolder&ip=192.168.137.1 [Cause: Could not complete get operation [Cause: apollo.meta]]
2019-09-20 14:52:32.555 [ Apollo-RemoteConfigLongPollService-1 ] - [ WARN  ] [ com.ctrip.framework.apollo.util.ConfigUtil : 58 ] - app.id is not set, please make sure it is set in classpath:/META-INF/app.properties, now apollo will only load public namespace configurations!
2019-09-20 14:52:32.555 [ main ] - [ WARN  ] [ c.c.f.apollo.internals.LocalFileConfigRepository : 158 ] - Sync config from upstream repository class com.ctrip.framework.apollo.internals.RemoteConfigRepository failed, reason: Get config services failed from http://apollo.meta/services/config?appId=ApolloNoAppIdPlaceHolder&ip=192.168.137.1 [Cause: Could not complete get operation [Cause: apollo.meta]]
2019-09-20 14:52:32.555 [ main ] - [ WARN  ] [ com.ctrip.framework.apollo.util.ConfigUtil : 58 ] - app.id is not set, please make sure it is set in classpath:/META-INF/app.properties, now apollo will only load public namespace configurations!
2019-09-20 14:52:32.556 [ main ] - [ WARN  ] [ c.c.f.apollo.internals.AbstractConfigRepository : 26 ] - Sync config failed, will retry. Repository class com.ctrip.framework.apollo.internals.LocalFileConfigRepository, reason: Load config from local config failed! [Cause: Cannot read from local cache file C:\opt\data\ApolloNoAppIdPlaceHolder\config-cache\ApolloNoAppIdPlaceHolder+default+application.properties]
2019-09-20 14:52:32.557 [ main ] - [ WARN  ] [ com.ctrip.framework.apollo.util.ConfigUtil : 58 ] - app.id is not set, please make sure it is set in classpath:/META-INF/app.properties, now apollo will only load public namespace configurations!
2019-09-20 14:52:34.673 [ Apollo-RemoteConfigLongPollService-1 ] - [ WARN  ] [ c.c.f.apollo.internals.RemoteConfigLongPollService : 193 ] - Long polling failed, will retry in 2 seconds. appId: ApolloNoAppIdPlaceHolder, cluster: default, namespaces: application, long polling url: null, reason: Get config services failed from http://apollo.meta/services/config?appId=ApolloNoAppIdPlaceHolder&ip=192.168.137.1 [Cause: Could not complete get operation [Cause: apollo.meta]]
2019-09-20 14:52:34.673 [ main ] - [ WARN  ] [ com.ctrip.framework.apollo.util.ConfigUtil : 58 ] - app.id is not set, please make sure it is set in classpath:/META-INF/app.properties, now apollo will only load public namespace configurations!
2019-09-20 14:52:36.675 [ Apollo-RemoteConfigLongPollService-1 ] - [ WARN  ] [ com.ctrip.framework.apollo.util.ConfigUtil : 58 ] - app.id is not set, please make sure it is set in classpath:/META-INF/app.properties, now apollo will only load public namespace configurations!
2019-09-20 14:52:36.675 [ main ] - [ WARN  ] [ c.c.f.apollo.internals.LocalFileConfigRepository : 158 ] - Sync config from upstream repository class com.ctrip.framework.apollo.internals.RemoteConfigRepository failed, reason: Get config services failed from http://apollo.meta/services/config?appId=ApolloNoAppIdPlaceHolder&ip=192.168.137.1 [Cause: Could not complete get operation [Cause: apollo.meta]]
2019-09-20 14:52:36.676 [ main ] - [ WARN  ] [ com.ctrip.framework.apollo.util.ConfigUtil : 58 ] - app.id is not set, please make sure it is set in classpath:/META-INF/app.properties, now apollo will only load public namespace configurations!
2019-09-20 14:52:36.676 [ main ] - [ WARN  ] [ com.ctrip.framework.apollo.internals.DefaultConfig : 58 ] - Init Apollo Local Config failed - namespace: application, reason: Load config from local config failed! [Cause: Cannot read from local cache file C:\opt\data\ApolloNoAppIdPlaceHolder\config-cache\ApolloNoAppIdPlaceHolder+default+application.properties].
2019-09-20 14:52:36.694 [ main ] - [ WARN  ] [ com.ctrip.framework.apollo.internals.DefaultConfig : 92 ] - Could not load config for namespace application from Apollo, please check whether the configs are released in Apollo! Return default value now!
2019-09-20 14:52:36.941 [ main ] - [ ERROR ] [ com.unity.core.config.WebConfiguration : 47 ] - ====WebMvcConfig.WebServerFactoryCustomizer===404错误跳转页面:/common/404.html
2019-09-20 14:52:37.107 [ main ] - [ INFO  ] [ org.apache.coyote.http11.Http11NioProtocol : 173 ] - Initializing ProtocolHandler ["http-nio-8080"]
2019-09-20 14:52:37.117 [ main ] - [ INFO  ] [ org.apache.catalina.core.StandardService : 173 ] - Starting service [Tomcat]
2019-09-20 14:52:37.118 [ main ] - [ INFO  ] [ org.apache.catalina.core.StandardEngine : 173 ] - Starting Servlet engine: [Apache Tomcat/9.0.22]
2019-09-20 14:52:37.276 [ main ] - [ INFO  ] [ o.a.c.core.ContainerBase.[Tomcat].[localhost].[/] : 173 ] - Initializing Spring embedded WebApplicationContext
2019-09-20 14:52:37.592 [ main ] - [ INFO  ] [ org.apache.catalina.core.StandardService : 173 ] - Stopping service [Tomcat]
2019-09-20 14:54:50.185 [ main ] - [ INFO  ] [ com.portal.mayikt.com.mayikt.portal.PortalWebApplication : 647 ] - No active profile set, falling back to default profiles: default
2019-09-20 14:54:50.908 [ main ] - [ WARN  ] [ c.c.f.f.i.provider.DefaultApplicationProvider : 98 ] - app.id is not available from System Property and /META-INF/app.properties. It is set to null
2019-09-20 14:54:50.911 [ main ] - [ INFO  ] [ c.c.f.f.internals.provider.DefaultServerProvider : 130 ] - Environment is set to null. Because it is not available in either (1) JVM system property 'env', (2) OS env variable 'ENV' nor (3) property 'env' from the properties InputStream.
2019-09-20 14:54:51.028 [ main ] - [ WARN  ] [ c.c.f.apollo.internals.DefaultMetaServerProvider : 39 ] - Could not find meta server address, because it is not available in neither (1) JVM system property 'apollo.meta', (2) OS env variable 'APOLLO_META' (3) property 'apollo.meta' from server.properties nor (4) property 'apollo.meta' from app.properties
2019-09-20 14:54:51.031 [ main ] - [ WARN  ] [ com.ctrip.framework.apollo.core.MetaDomainConsts : 96 ] - Meta server address fallback to http://apollo.meta for env UNKNOWN, because it is not available in all MetaServerProviders
2019-09-20 14:54:51.032 [ main ] - [ WARN  ] [ com.ctrip.framework.apollo.util.ConfigUtil : 58 ] - app.id is not set, please make sure it is set in classpath:/META-INF/app.properties, now apollo will only load public namespace configurations!
2019-09-20 14:55:11.968 [ main ] - [ WARN  ] [ com.ctrip.framework.apollo.util.ConfigUtil : 58 ] - app.id is not set, please make sure it is set in classpath:/META-INF/app.properties, now apollo will only load public namespace configurations!
2019-09-20 14:55:11.968 [ main ] - [ WARN  ] [ com.ctrip.framework.apollo.util.ConfigUtil : 58 ] - app.id is not set, please make sure it is set in classpath:/META-INF/app.properties, now apollo will only load public namespace configurations!
2019-09-20 14:55:13.971 [ main ] - [ WARN  ] [ c.c.f.apollo.internals.AbstractConfigRepository : 26 ] - Sync config failed, will retry. Repository class com.ctrip.framework.apollo.internals.RemoteConfigRepository, reason: Get config services failed from http://apollo.meta/services/config?appId=ApolloNoAppIdPlaceHolder&ip=192.168.137.1 [Cause: Could not complete get operation [Cause: apollo.meta]]
2019-09-20 14:55:13.971 [ main ] - [ WARN  ] [ com.ctrip.framework.apollo.util.ConfigUtil : 58 ] - app.id is not set, please make sure it is set in classpath:/META-INF/app.properties, now apollo will only load public namespace configurations!
2019-09-20 14:55:13.972 [ main ] - [ WARN  ] [ com.ctrip.framework.apollo.util.ConfigUtil : 58 ] - app.id is not set, please make sure it is set in classpath:/META-INF/app.properties, now apollo will only load public namespace configurations!
2019-09-20 14:55:13.975 [ main ] - [ WARN  ] [ com.ctrip.framework.apollo.util.ConfigUtil : 58 ] - app.id is not set, please make sure it is set in classpath:/META-INF/app.properties, now apollo will only load public namespace configurations!
2019-09-20 14:55:13.975 [ main ] - [ WARN  ] [ com.ctrip.framework.apollo.util.ConfigUtil : 58 ] - app.id is not set, please make sure it is set in classpath:/META-INF/app.properties, now apollo will only load public namespace configurations!
2019-09-20 14:55:15.976 [ main ] - [ WARN  ] [ c.c.f.apollo.internals.LocalFileConfigRepository : 158 ] - Sync config from upstream repository class com.ctrip.framework.apollo.internals.RemoteConfigRepository failed, reason: Get config services failed from http://apollo.meta/services/config?appId=ApolloNoAppIdPlaceHolder&ip=192.168.137.1 [Cause: Could not complete get operation [Cause: apollo.meta]]
2019-09-20 14:55:15.976 [ Apollo-RemoteConfigLongPollService-1 ] - [ WARN  ] [ com.ctrip.framework.apollo.util.ConfigUtil : 58 ] - app.id is not set, please make sure it is set in classpath:/META-INF/app.properties, now apollo will only load public namespace configurations!
2019-09-20 14:55:15.976 [ main ] - [ WARN  ] [ com.ctrip.framework.apollo.util.ConfigUtil : 58 ] - app.id is not set, please make sure it is set in classpath:/META-INF/app.properties, now apollo will only load public namespace configurations!
2019-09-20 14:55:17.979 [ main ] - [ WARN  ] [ com.ctrip.framework.apollo.util.ConfigUtil : 58 ] - app.id is not set, please make sure it is set in classpath:/META-INF/app.properties, now apollo will only load public namespace configurations!
2019-09-20 14:55:17.980 [ Apollo-RemoteConfigLongPollService-1 ] - [ WARN  ] [ c.c.f.apollo.internals.RemoteConfigLongPollService : 193 ] - Long polling failed, will retry in 1 seconds. appId: ApolloNoAppIdPlaceHolder, cluster: default, namespaces: application, long polling url: null, reason: Get config services failed from http://apollo.meta/services/config?appId=ApolloNoAppIdPlaceHolder&ip=192.168.137.1 [Cause: Could not complete get operation [Cause: apollo.meta]]
2019-09-20 14:55:19.982 [ Apollo-RemoteConfigLongPollService-1 ] - [ WARN  ] [ com.ctrip.framework.apollo.util.ConfigUtil : 58 ] - app.id is not set, please make sure it is set in classpath:/META-INF/app.properties, now apollo will only load public namespace configurations!
2019-09-20 14:55:19.982 [ main ] - [ WARN  ] [ c.c.f.apollo.internals.LocalFileConfigRepository : 158 ] - Sync config from upstream repository class com.ctrip.framework.apollo.internals.RemoteConfigRepository failed, reason: Get config services failed from http://apollo.meta/services/config?appId=ApolloNoAppIdPlaceHolder&ip=192.168.137.1 [Cause: Could not complete get operation [Cause: apollo.meta]]
2019-09-20 14:55:19.982 [ main ] - [ WARN  ] [ com.ctrip.framework.apollo.util.ConfigUtil : 58 ] - app.id is not set, please make sure it is set in classpath:/META-INF/app.properties, now apollo will only load public namespace configurations!
2019-09-20 14:55:19.983 [ main ] - [ WARN  ] [ c.c.f.apollo.internals.AbstractConfigRepository : 26 ] - Sync config failed, will retry. Repository class com.ctrip.framework.apollo.internals.LocalFileConfigRepository, reason: Load config from local config failed! [Cause: Cannot read from local cache file C:\opt\data\ApolloNoAppIdPlaceHolder\config-cache\ApolloNoAppIdPlaceHolder+default+application.properties]
2019-09-20 14:55:19.984 [ main ] - [ WARN  ] [ com.ctrip.framework.apollo.util.ConfigUtil : 58 ] - app.id is not set, please make sure it is set in classpath:/META-INF/app.properties, now apollo will only load public namespace configurations!
2019-09-20 14:55:22.096 [ Apollo-RemoteConfigLongPollService-1 ] - [ WARN  ] [ c.c.f.apollo.internals.RemoteConfigLongPollService : 193 ] - Long polling failed, will retry in 2 seconds. appId: ApolloNoAppIdPlaceHolder, cluster: default, namespaces: application, long polling url: null, reason: Get config services failed from http://apollo.meta/services/config?appId=ApolloNoAppIdPlaceHolder&ip=192.168.137.1 [Cause: Could not complete get operation [Cause: apollo.meta]]
2019-09-20 14:55:22.096 [ main ] - [ WARN  ] [ com.ctrip.framework.apollo.util.ConfigUtil : 58 ] - app.id is not set, please make sure it is set in classpath:/META-INF/app.properties, now apollo will only load public namespace configurations!
2019-09-20 14:55:24.097 [ main ] - [ WARN  ] [ c.c.f.apollo.internals.LocalFileConfigRepository : 158 ] - Sync config from upstream repository class com.ctrip.framework.apollo.internals.RemoteConfigRepository failed, reason: Get config services failed from http://apollo.meta/services/config?appId=ApolloNoAppIdPlaceHolder&ip=192.168.137.1 [Cause: Could not complete get operation [Cause: apollo.meta]]
2019-09-20 14:55:24.097 [ Apollo-RemoteConfigLongPollService-1 ] - [ WARN  ] [ com.ctrip.framework.apollo.util.ConfigUtil : 58 ] - app.id is not set, please make sure it is set in classpath:/META-INF/app.properties, now apollo will only load public namespace configurations!
2019-09-20 14:55:24.097 [ main ] - [ WARN  ] [ com.ctrip.framework.apollo.util.ConfigUtil : 58 ] - app.id is not set, please make sure it is set in classpath:/META-INF/app.properties, now apollo will only load public namespace configurations!
2019-09-20 14:55:24.098 [ main ] - [ WARN  ] [ com.ctrip.framework.apollo.internals.DefaultConfig : 58 ] - Init Apollo Local Config failed - namespace: application, reason: Load config from local config failed! [Cause: Cannot read from local cache file C:\opt\data\ApolloNoAppIdPlaceHolder\config-cache\ApolloNoAppIdPlaceHolder+default+application.properties].
2019-09-20 14:55:24.119 [ main ] - [ WARN  ] [ com.ctrip.framework.apollo.internals.DefaultConfig : 92 ] - Could not load config for namespace application from Apollo, please check whether the configs are released in Apollo! Return default value now!
2019-09-20 14:55:24.425 [ main ] - [ ERROR ] [ com.unity.core.config.WebConfiguration : 47 ] - ====WebMvcConfig.WebServerFactoryCustomizer===404错误跳转页面:/common/404.html
2019-09-20 14:55:24.612 [ main ] - [ INFO  ] [ org.apache.coyote.http11.Http11NioProtocol : 173 ] - Initializing ProtocolHandler ["http-nio-8080"]
2019-09-20 14:55:24.621 [ main ] - [ INFO  ] [ org.apache.catalina.core.StandardService : 173 ] - Starting service [Tomcat]
2019-09-20 14:55:24.621 [ main ] - [ INFO  ] [ org.apache.catalina.core.StandardEngine : 173 ] - Starting Servlet engine: [Apache Tomcat/9.0.22]
2019-09-20 14:55:24.788 [ main ] - [ INFO  ] [ o.a.c.core.ContainerBase.[Tomcat].[localhost].[/] : 173 ] - Initializing Spring embedded WebApplicationContext
2019-09-20 14:55:25.109 [ main ] - [ INFO  ] [ org.apache.catalina.core.StandardService : 173 ] - Stopping service [Tomcat]
2019-09-20 14:58:05.234 [ main ] - [ INFO  ] [ c.c.f.f.i.provider.DefaultApplicationProvider : 85 ] - App ID is set to spring-learning by app.id property from System Property
2019-09-20 14:58:05.241 [ main ] - [ INFO  ] [ c.c.f.f.internals.provider.DefaultServerProvider : 130 ] - Environment is set to null. Because it is not available in either (1) JVM system property 'env', (2) OS env variable 'ENV' nor (3) property 'env' from the properties InputStream.
2019-09-20 14:58:05.280 [ main ] - [ INFO  ] [ c.c.f.apollo.internals.DefaultMetaServerProvider : 42 ] - Located meta services from apollo.meta configuration: http://192.168.192.103:8080!
2019-09-20 14:58:05.284 [ main ] - [ INFO  ] [ com.ctrip.framework.apollo.core.MetaDomainConsts : 87 ] - Located meta server address http://192.168.192.103:8080 for env UNKNOWN from com.ctrip.framework.apollo.internals.DefaultMetaServerProvider
2019-09-20 14:58:23.674 [ main ] - [ INFO  ] [ com.portal.mayikt.com.mayikt.portal.PortalWebApplication : 647 ] - No active profile set, falling back to default profiles: default
2019-09-20 14:58:24.745 [ main ] - [ ERROR ] [ com.unity.core.config.WebConfiguration : 47 ] - ====WebMvcConfig.WebServerFactoryCustomizer===404错误跳转页面:/common/404.html
2019-09-20 14:58:24.911 [ main ] - [ INFO  ] [ org.apache.coyote.http11.Http11NioProtocol : 173 ] - Initializing ProtocolHandler ["http-nio-8500"]
2019-09-20 14:58:24.919 [ main ] - [ INFO  ] [ org.apache.catalina.core.StandardService : 173 ] - Starting service [Tomcat]
2019-09-20 14:58:24.920 [ main ] - [ INFO  ] [ org.apache.catalina.core.StandardEngine : 173 ] - Starting Servlet engine: [Apache Tomcat/9.0.22]
2019-09-20 14:58:25.086 [ main ] - [ INFO  ] [ o.a.c.core.ContainerBase.[Tomcat].[localhost].[/] : 173 ] - Initializing Spring embedded WebApplicationContext
2019-09-20 14:58:25.386 [ main ] - [ INFO  ] [ org.apache.catalina.core.StandardService : 173 ] - Stopping service [Tomcat]
2019-09-20 15:05:33.494 [ main ] - [ INFO  ] [ c.c.f.f.i.provider.DefaultApplicationProvider : 85 ] - App ID is set to spring-learning by app.id property from System Property
2019-09-20 15:05:33.502 [ main ] - [ INFO  ] [ c.c.f.f.internals.provider.DefaultServerProvider : 130 ] - Environment is set to null. Because it is not available in either (1) JVM system property 'env', (2) OS env variable 'ENV' nor (3) property 'env' from the properties InputStream.
2019-09-20 15:05:33.543 [ main ] - [ INFO  ] [ c.c.f.apollo.internals.DefaultMetaServerProvider : 42 ] - Located meta services from apollo.meta configuration: http://192.168.192.103:8080!
2019-09-20 15:05:33.546 [ main ] - [ INFO  ] [ com.ctrip.framework.apollo.core.MetaDomainConsts : 87 ] - Located meta server address http://192.168.192.103:8080 for env UNKNOWN from com.ctrip.framework.apollo.internals.DefaultMetaServerProvider
2019-09-20 15:05:51.880 [ main ] - [ INFO  ] [ com.portal.mayikt.com.mayikt.portal.PortalWebApplication : 647 ] - No active profile set, falling back to default profiles: default
2019-09-20 15:05:52.903 [ main ] - [ ERROR ] [ com.unity.core.config.WebConfiguration : 47 ] - ====WebMvcConfig.WebServerFactoryCustomizer===404错误跳转页面:/common/404.html
2019-09-20 15:05:53.071 [ main ] - [ INFO  ] [ org.apache.coyote.http11.Http11NioProtocol : 173 ] - Initializing ProtocolHandler ["http-nio-8500"]
2019-09-20 15:05:53.080 [ main ] - [ INFO  ] [ org.apache.catalina.core.StandardService : 173 ] - Starting service [Tomcat]
2019-09-20 15:05:53.080 [ main ] - [ INFO  ] [ org.apache.catalina.core.StandardEngine : 173 ] - Starting Servlet engine: [Apache Tomcat/9.0.22]
2019-09-20 15:05:53.245 [ main ] - [ INFO  ] [ o.a.c.core.ContainerBase.[Tomcat].[localhost].[/] : 173 ] - Initializing Spring embedded WebApplicationContext
2019-09-20 15:05:53.564 [ main ] - [ INFO  ] [ org.apache.catalina.core.StandardService : 173 ] - Stopping service [Tomcat]
2019-09-20 15:49:59.287 [ main ] - [ INFO  ] [ c.c.f.f.i.provider.DefaultApplicationProvider : 85 ] - App ID is set to spring-learning by app.id property from System Property
2019-09-20 15:49:59.292 [ main ] - [ INFO  ] [ c.c.f.f.internals.provider.DefaultServerProvider : 130 ] - Environment is set to null. Because it is not available in either (1) JVM system property 'env', (2) OS env variable 'ENV' nor (3) property 'env' from the properties InputStream.
2019-09-20 15:49:59.326 [ main ] - [ INFO  ] [ c.c.f.apollo.internals.DefaultMetaServerProvider : 42 ] - Located meta services from apollo.meta configuration: http://192.168.192.103:8080!
2019-09-20 15:49:59.329 [ main ] - [ INFO  ] [ com.ctrip.framework.apollo.core.MetaDomainConsts : 87 ] - Located meta server address http://192.168.192.103:8080 for env UNKNOWN from com.ctrip.framework.apollo.internals.DefaultMetaServerProvider
2019-09-20 15:50:17.872 [ main ] - [ INFO  ] [ com.portal.mayikt.com.mayikt.portal.PortalWebApplication : 647 ] - No active profile set, falling back to default profiles: default
2019-09-20 15:50:19.829 [ main ] - [ ERROR ] [ com.unity.core.config.WebConfiguration : 47 ] - ====WebMvcConfig.WebServerFactoryCustomizer===404错误跳转页面:/common/404.html
2019-09-20 15:50:20.046 [ main ] - [ INFO  ] [ org.apache.coyote.http11.Http11NioProtocol : 173 ] - Initializing ProtocolHandler ["http-nio-8500"]
2019-09-20 15:50:20.055 [ main ] - [ INFO  ] [ org.apache.catalina.core.StandardService : 173 ] - Starting service [Tomcat]
2019-09-20 15:50:20.056 [ main ] - [ INFO  ] [ org.apache.catalina.core.StandardEngine : 173 ] - Starting Servlet engine: [Apache Tomcat/9.0.22]
2019-09-20 15:50:20.272 [ main ] - [ INFO  ] [ o.a.c.core.ContainerBase.[Tomcat].[localhost].[/] : 173 ] - Initializing Spring embedded WebApplicationContext
2019-09-20 15:50:21.065 [ main ] - [ INFO  ] [ org.apache.catalina.core.StandardService : 173 ] - Stopping service [Tomcat]
2019-09-20 15:50:43.798 [ main ] - [ INFO  ] [ c.c.f.f.i.provider.DefaultApplicationProvider : 85 ] - App ID is set to spring-learning by app.id property from System Property
2019-09-20 15:50:43.804 [ main ] - [ INFO  ] [ c.c.f.f.internals.provider.DefaultServerProvider : 130 ] - Environment is set to null. Because it is not available in either (1) JVM system property 'env', (2) OS env variable 'ENV' nor (3) property 'env' from the properties InputStream.
2019-09-20 15:50:43.838 [ main ] - [ INFO  ] [ c.c.f.apollo.internals.DefaultMetaServerProvider : 42 ] - Located meta services from apollo.meta configuration: http://192.168.192.103:8080!
2019-09-20 15:50:43.841 [ main ] - [ INFO  ] [ com.ctrip.framework.apollo.core.MetaDomainConsts : 87 ] - Located meta server address http://192.168.192.103:8080 for env UNKNOWN from com.ctrip.framework.apollo.internals.DefaultMetaServerProvider
2019-09-20 15:51:02.280 [ main ] - [ INFO  ] [ com.portal.mayikt.com.mayikt.portal.PortalWebApplication : 647 ] - No active profile set, falling back to default profiles: default
2019-09-20 15:51:03.732 [ main ] - [ ERROR ] [ com.unity.core.config.WebConfiguration : 47 ] - ====WebMvcConfig.WebServerFactoryCustomizer===404错误跳转页面:/common/404.html
2019-09-20 15:51:03.916 [ main ] - [ INFO  ] [ org.apache.coyote.http11.Http11NioProtocol : 173 ] - Initializing ProtocolHandler ["http-nio-8500"]
2019-09-20 15:51:03.924 [ main ] - [ INFO  ] [ org.apache.catalina.core.StandardService : 173 ] - Starting service [Tomcat]
2019-09-20 15:51:03.925 [ main ] - [ INFO  ] [ org.apache.catalina.core.StandardEngine : 173 ] - Starting Servlet engine: [Apache Tomcat/9.0.22]
2019-09-20 15:51:04.092 [ main ] - [ INFO  ] [ o.a.c.core.ContainerBase.[Tomcat].[localhost].[/] : 173 ] - Initializing Spring embedded WebApplicationContext
2019-09-20 15:51:04.698 [ main ] - [ INFO  ] [ org.apache.catalina.core.StandardService : 173 ] - Stopping service [Tomcat]
2019-09-20 15:52:49.172 [ main ] - [ INFO  ] [ c.c.f.f.i.provider.DefaultApplicationProvider : 85 ] - App ID is set to spring-learning by app.id property from System Property
2019-09-20 15:52:49.178 [ main ] - [ INFO  ] [ c.c.f.f.internals.provider.DefaultServerProvider : 130 ] - Environment is set to null. Because it is not available in either (1) JVM system property 'env', (2) OS env variable 'ENV' nor (3) property 'env' from the properties InputStream.
2019-09-20 15:52:49.217 [ main ] - [ INFO  ] [ c.c.f.apollo.internals.DefaultMetaServerProvider : 42 ] - Located meta services from apollo.meta configuration: http://192.168.192.103:8080!
2019-09-20 15:52:49.221 [ main ] - [ INFO  ] [ com.ctrip.framework.apollo.core.MetaDomainConsts : 87 ] - Located meta server address http://192.168.192.103:8080 for env UNKNOWN from com.ctrip.framework.apollo.internals.DefaultMetaServerProvider
2019-09-20 15:53:07.758 [ main ] - [ INFO  ] [ com.portal.mayikt.com.mayikt.portal.PortalWebApplication : 647 ] - No active profile set, falling back to default profiles: default
2019-09-20 15:53:08.976 [ main ] - [ ERROR ] [ com.unity.core.config.WebConfiguration : 47 ] - ====WebMvcConfig.WebServerFactoryCustomizer===404错误跳转页面:/common/404.html
2019-09-20 15:53:09.156 [ main ] - [ INFO  ] [ org.apache.coyote.http11.Http11NioProtocol : 173 ] - Initializing ProtocolHandler ["http-nio-8500"]
2019-09-20 15:53:09.165 [ main ] - [ INFO  ] [ org.apache.catalina.core.StandardService : 173 ] - Starting service [Tomcat]
2019-09-20 15:53:09.165 [ main ] - [ INFO  ] [ org.apache.catalina.core.StandardEngine : 173 ] - Starting Servlet engine: [Apache Tomcat/9.0.22]
2019-09-20 15:53:09.359 [ main ] - [ INFO  ] [ o.a.c.core.ContainerBase.[Tomcat].[localhost].[/] : 173 ] - Initializing Spring embedded WebApplicationContext
2019-09-20 15:53:10.002 [ main ] - [ INFO  ] [ org.apache.catalina.core.StandardService : 173 ] - Stopping service [Tomcat]
2019-09-20 15:55:57.894 [ main ] - [ INFO  ] [ c.c.f.f.i.provider.DefaultApplicationProvider : 85 ] - App ID is set to spring-learning by app.id property from System Property
2019-09-20 15:55:57.900 [ main ] - [ INFO  ] [ c.c.f.f.internals.provider.DefaultServerProvider : 130 ] - Environment is set to null. Because it is not available in either (1) JVM system property 'env', (2) OS env variable 'ENV' nor (3) property 'env' from the properties InputStream.
2019-09-20 15:55:57.934 [ main ] - [ INFO  ] [ c.c.f.apollo.internals.DefaultMetaServerProvider : 42 ] - Located meta services from apollo.meta configuration: http://192.168.192.103:8080!
2019-09-20 15:55:57.937 [ main ] - [ INFO  ] [ com.ctrip.framework.apollo.core.MetaDomainConsts : 87 ] - Located meta server address http://192.168.192.103:8080 for env UNKNOWN from com.ctrip.framework.apollo.internals.DefaultMetaServerProvider
2019-09-20 15:56:16.396 [ main ] - [ INFO  ] [ com.portal.mayikt.com.mayikt.portal.PortalWebApplication : 647 ] - No active profile set, falling back to default profiles: default
2019-09-20 15:56:17.555 [ main ] - [ ERROR ] [ com.unity.core.config.WebConfiguration : 47 ] - ====WebMvcConfig.WebServerFactoryCustomizer===404错误跳转页面:/common/404.html
2019-09-20 15:56:17.741 [ main ] - [ INFO  ] [ org.apache.coyote.http11.Http11NioProtocol : 173 ] - Initializing ProtocolHandler ["http-nio-8200"]
2019-09-20 15:56:17.750 [ main ] - [ INFO  ] [ org.apache.catalina.core.StandardService : 173 ] - Starting service [Tomcat]
2019-09-20 15:56:17.751 [ main ] - [ INFO  ] [ org.apache.catalina.core.StandardEngine : 173 ] - Starting Servlet engine: [Apache Tomcat/9.0.22]
2019-09-20 15:56:17.914 [ main ] - [ INFO  ] [ o.a.c.core.ContainerBase.[Tomcat].[localhost].[/] : 173 ] - Initializing Spring embedded WebApplicationContext
2019-09-20 15:56:18.512 [ main ] - [ INFO  ] [ org.apache.catalina.core.StandardService : 173 ] - Stopping service [Tomcat]
2019-09-20 16:00:53.638 [ main ] - [ INFO  ] [ c.c.f.f.i.provider.DefaultApplicationProvider : 85 ] - App ID is set to spring-learning by app.id property from System Property
2019-09-20 16:00:53.646 [ main ] - [ INFO  ] [ c.c.f.f.internals.provider.DefaultServerProvider : 130 ] - Environment is set to null. Because it is not available in either (1) JVM system property 'env', (2) OS env variable 'ENV' nor (3) property 'env' from the properties InputStream.
2019-09-20 16:00:53.681 [ main ] - [ INFO  ] [ c.c.f.apollo.internals.DefaultMetaServerProvider : 42 ] - Located meta services from apollo.meta configuration: http://192.168.192.103:8080!
2019-09-20 16:00:53.684 [ main ] - [ INFO  ] [ com.ctrip.framework.apollo.core.MetaDomainConsts : 87 ] - Located meta server address http://192.168.192.103:8080 for env UNKNOWN from com.ctrip.framework.apollo.internals.DefaultMetaServerProvider
2019-09-20 16:01:12.144 [ main ] - [ INFO  ] [ com.portal.mayikt.com.mayikt.portal.PortalWebApplication : 647 ] - No active profile set, falling back to default profiles: default
2019-09-20 16:01:13.275 [ main ] - [ ERROR ] [ com.unity.core.config.WebConfiguration : 47 ] - ====WebMvcConfig.WebServerFactoryCustomizer===404错误跳转页面:/common/404.html
2019-09-20 16:01:13.451 [ main ] - [ INFO  ] [ org.apache.coyote.http11.Http11NioProtocol : 173 ] - Initializing ProtocolHandler ["http-nio-8200"]
2019-09-20 16:01:13.459 [ main ] - [ INFO  ] [ org.apache.catalina.core.StandardService : 173 ] - Starting service [Tomcat]
2019-09-20 16:01:13.459 [ main ] - [ INFO  ] [ org.apache.catalina.core.StandardEngine : 173 ] - Starting Servlet engine: [Apache Tomcat/9.0.22]
2019-09-20 16:01:13.635 [ main ] - [ INFO  ] [ o.a.c.core.ContainerBase.[Tomcat].[localhost].[/] : 173 ] - Initializing Spring embedded WebApplicationContext
2019-09-20 16:01:14.215 [ main ] - [ INFO  ] [ org.apache.catalina.core.StandardService : 173 ] - Stopping service [Tomcat]
2019-09-20 16:02:32.156 [ main ] - [ INFO  ] [ c.c.f.f.i.provider.DefaultApplicationProvider : 85 ] - App ID is set to spring-learning by app.id property from System Property
2019-09-20 16:02:32.162 [ main ] - [ INFO  ] [ c.c.f.f.internals.provider.DefaultServerProvider : 130 ] - Environment is set to null. Because it is not available in either (1) JVM system property 'env', (2) OS env variable 'ENV' nor (3) property 'env' from the properties InputStream.
2019-09-20 16:02:32.202 [ main ] - [ INFO  ] [ c.c.f.apollo.internals.DefaultMetaServerProvider : 42 ] - Located meta services from apollo.meta configuration: http://192.168.192.103:8080!
2019-09-20 16:02:32.205 [ main ] - [ INFO  ] [ com.ctrip.framework.apollo.core.MetaDomainConsts : 87 ] - Located meta server address http://192.168.192.103:8080 for env UNKNOWN from com.ctrip.framework.apollo.internals.DefaultMetaServerProvider
2019-09-20 16:02:50.617 [ main ] - [ INFO  ] [ com.portal.mayikt.com.mayikt.portal.PortalWebApplication : 647 ] - No active profile set, falling back to default profiles: default
2019-09-20 16:02:51.838 [ main ] - [ ERROR ] [ com.unity.core.config.WebConfiguration : 47 ] - ====WebMvcConfig.WebServerFactoryCustomizer===404错误跳转页面:/common/404.html
2019-09-20 16:02:52.018 [ main ] - [ INFO  ] [ org.apache.coyote.http11.Http11NioProtocol : 173 ] - Initializing ProtocolHandler ["http-nio-8200"]
2019-09-20 16:02:52.029 [ main ] - [ INFO  ] [ org.apache.catalina.core.StandardService : 173 ] - Starting service [Tomcat]
2019-09-20 16:02:52.030 [ main ] - [ INFO  ] [ org.apache.catalina.core.StandardEngine : 173 ] - Starting Servlet engine: [Apache Tomcat/9.0.22]
2019-09-20 16:02:52.200 [ main ] - [ INFO  ] [ o.a.c.core.ContainerBase.[Tomcat].[localhost].[/] : 173 ] - Initializing Spring embedded WebApplicationContext
2019-09-20 16:02:52.781 [ main ] - [ INFO  ] [ org.apache.catalina.core.StandardService : 173 ] - Stopping service [Tomcat]
2019-09-20 16:04:54.360 [ main ] - [ INFO  ] [ c.c.f.f.i.provider.DefaultApplicationProvider : 85 ] - App ID is set to spring-learning by app.id property from System Property
2019-09-20 16:04:54.366 [ main ] - [ INFO  ] [ c.c.f.f.internals.provider.DefaultServerProvider : 130 ] - Environment is set to null. Because it is not available in either (1) JVM system property 'env', (2) OS env variable 'ENV' nor (3) property 'env' from the properties InputStream.
2019-09-20 16:04:54.409 [ main ] - [ INFO  ] [ c.c.f.apollo.internals.DefaultMetaServerProvider : 42 ] - Located meta services from apollo.meta configuration: http://192.168.192.103:8080!
2019-09-20 16:04:54.412 [ main ] - [ INFO  ] [ com.ctrip.framework.apollo.core.MetaDomainConsts : 87 ] - Located meta server address http://192.168.192.103:8080 for env UNKNOWN from com.ctrip.framework.apollo.internals.DefaultMetaServerProvider
2019-09-20 16:05:20.129 [ main ] - [ INFO  ] [ com.portal.mayikt.com.mayikt.portal.PortalWebApplication : 647 ] - No active profile set, falling back to default profiles: default
2019-09-20 16:05:21.445 [ main ] - [ ERROR ] [ com.unity.core.config.WebConfiguration : 47 ] - ====WebMvcConfig.WebServerFactoryCustomizer===404错误跳转页面:/common/404.html
2019-09-20 16:05:21.633 [ main ] - [ INFO  ] [ org.apache.coyote.http11.Http11NioProtocol : 173 ] - Initializing ProtocolHandler ["http-nio-8200"]
2019-09-20 16:05:21.642 [ main ] - [ INFO  ] [ org.apache.catalina.core.StandardService : 173 ] - Starting service [Tomcat]
2019-09-20 16:05:21.642 [ main ] - [ INFO  ] [ org.apache.catalina.core.StandardEngine : 173 ] - Starting Servlet engine: [Apache Tomcat/9.0.22]
2019-09-20 16:05:21.803 [ main ] - [ INFO  ] [ o.a.c.core.ContainerBase.[Tomcat].[localhost].[/] : 173 ] - Initializing Spring embedded WebApplicationContext
2019-09-20 16:05:22.377 [ main ] - [ INFO  ] [ org.apache.catalina.core.StandardService : 173 ] - Stopping service [Tomcat]
2019-09-20 16:06:41.613 [ main ] - [ INFO  ] [ c.c.f.f.i.provider.DefaultApplicationProvider : 85 ] - App ID is set to spring-learning by app.id property from System Property
2019-09-20 16:06:41.619 [ main ] - [ INFO  ] [ c.c.f.f.internals.provider.DefaultServerProvider : 130 ] - Environment is set to null. Because it is not available in either (1) JVM system property 'env', (2) OS env variable 'ENV' nor (3) property 'env' from the properties InputStream.
2019-09-20 16:06:41.659 [ main ] - [ INFO  ] [ c.c.f.apollo.internals.DefaultMetaServerProvider : 42 ] - Located meta services from apollo.meta configuration: http://192.168.192.103:8080!
2019-09-20 16:06:41.663 [ main ] - [ INFO  ] [ com.ctrip.framework.apollo.core.MetaDomainConsts : 87 ] - Located meta server address http://192.168.192.103:8080 for env UNKNOWN from com.ctrip.framework.apollo.internals.DefaultMetaServerProvider
2019-09-20 16:07:00.053 [ main ] - [ INFO  ] [ com.portal.mayikt.com.mayikt.portal.PortalWebApplication : 647 ] - No active profile set, falling back to default profiles: default
2019-09-20 16:07:01.269 [ main ] - [ ERROR ] [ com.unity.core.config.WebConfiguration : 47 ] - ====WebMvcConfig.WebServerFactoryCustomizer===404错误跳转页面:/common/404.html
2019-09-20 16:07:01.459 [ main ] - [ INFO  ] [ org.apache.coyote.http11.Http11NioProtocol : 173 ] - Initializing ProtocolHandler ["http-nio-8200"]
2019-09-20 16:07:01.467 [ main ] - [ INFO  ] [ org.apache.catalina.core.StandardService : 173 ] - Starting service [Tomcat]
2019-09-20 16:07:01.468 [ main ] - [ INFO  ] [ org.apache.catalina.core.StandardEngine : 173 ] - Starting Servlet engine: [Apache Tomcat/9.0.22]
2019-09-20 16:07:01.645 [ main ] - [ INFO  ] [ o.a.c.core.ContainerBase.[Tomcat].[localhost].[/] : 173 ] - Initializing Spring embedded WebApplicationContext
2019-09-20 16:07:02.222 [ main ] - [ INFO  ] [ org.apache.catalina.core.StandardService : 173 ] - Stopping service [Tomcat]
2019-09-20 16:08:38.378 [ main ] - [ INFO  ] [ c.c.f.f.i.provider.DefaultApplicationProvider : 85 ] - App ID is set to spring-learning by app.id property from System Property
2019-09-20 16:08:38.383 [ main ] - [ INFO  ] [ c.c.f.f.internals.provider.DefaultServerProvider : 130 ] - Environment is set to null. Because it is not available in either (1) JVM system property 'env', (2) OS env variable 'ENV' nor (3) property 'env' from the properties InputStream.
2019-09-20 16:08:38.432 [ main ] - [ INFO  ] [ c.c.f.apollo.internals.DefaultMetaServerProvider : 42 ] - Located meta services from apollo.meta configuration: http://192.168.192.103:8080!
2019-09-20 16:08:38.436 [ main ] - [ INFO  ] [ com.ctrip.framework.apollo.core.MetaDomainConsts : 87 ] - Located meta server address http://192.168.192.103:8080 for env UNKNOWN from com.ctrip.framework.apollo.internals.DefaultMetaServerProvider
2019-09-20 16:08:56.969 [ main ] - [ INFO  ] [ com.portal.mayikt.com.mayikt.portal.PortalWebApplication : 647 ] - No active profile set, falling back to default profiles: default
2019-09-20 16:08:58.216 [ main ] - [ ERROR ] [ com.unity.core.config.WebConfiguration : 47 ] - ====WebMvcConfig.WebServerFactoryCustomizer===404错误跳转页面:/common/404.html
2019-09-20 16:08:58.429 [ main ] - [ INFO  ] [ org.apache.coyote.http11.Http11NioProtocol : 173 ] - Initializing ProtocolHandler ["http-nio-8200"]
2019-09-20 16:08:58.439 [ main ] - [ INFO  ] [ org.apache.catalina.core.StandardService : 173 ] - Starting service [Tomcat]
2019-09-20 16:08:58.440 [ main ] - [ INFO  ] [ org.apache.catalina.core.StandardEngine : 173 ] - Starting Servlet engine: [Apache Tomcat/9.0.22]
2019-09-20 16:08:58.652 [ main ] - [ INFO  ] [ o.a.c.core.ContainerBase.[Tomcat].[localhost].[/] : 173 ] - Initializing Spring embedded WebApplicationContext
2019-09-20 16:08:59.232 [ main ] - [ INFO  ] [ org.apache.catalina.core.StandardService : 173 ] - Stopping service [Tomcat]
2019-09-20 16:23:29.687 [ main ] - [ INFO  ] [ c.c.f.f.i.provider.DefaultApplicationProvider : 85 ] - App ID is set to spring-learning by app.id property from System Property
2019-09-20 16:23:29.692 [ main ] - [ INFO  ] [ c.c.f.f.internals.provider.DefaultServerProvider : 130 ] - Environment is set to null. Because it is not available in either (1) JVM system property 'env', (2) OS env variable 'ENV' nor (3) property 'env' from the properties InputStream.
2019-09-20 16:23:29.727 [ main ] - [ INFO  ] [ c.c.f.apollo.internals.DefaultMetaServerProvider : 42 ] - Located meta services from apollo.meta configuration: http://192.168.192.103:8080!
2019-09-20 16:23:29.730 [ main ] - [ INFO  ] [ com.ctrip.framework.apollo.core.MetaDomainConsts : 87 ] - Located meta server address http://192.168.192.103:8080 for env UNKNOWN from com.ctrip.framework.apollo.internals.DefaultMetaServerProvider
2019-09-20 16:23:48.039 [ main ] - [ INFO  ] [ com.portal.mayikt.com.mayikt.portal.PortalWebApplication : 647 ] - No active profile set, falling back to default profiles: default
2019-09-20 16:23:49.205 [ main ] - [ ERROR ] [ com.unity.core.config.WebConfiguration : 47 ] - ====WebMvcConfig.WebServerFactoryCustomizer===404错误跳转页面:/common/404.html
2019-09-20 16:23:49.368 [ main ] - [ INFO  ] [ org.apache.coyote.http11.Http11NioProtocol : 173 ] - Initializing ProtocolHandler ["http-nio-8200"]
2019-09-20 16:23:49.375 [ main ] - [ INFO  ] [ org.apache.catalina.core.StandardService : 173 ] - Starting service [Tomcat]
2019-09-20 16:23:49.376 [ main ] - [ INFO  ] [ org.apache.catalina.core.StandardEngine : 173 ] - Starting Servlet engine: [Apache Tomcat/9.0.22]
2019-09-20 16:23:49.545 [ main ] - [ INFO  ] [ o.a.c.core.ContainerBase.[Tomcat].[localhost].[/] : 173 ] - Initializing Spring embedded WebApplicationContext
2019-09-20 16:23:50.118 [ main ] - [ INFO  ] [ org.apache.catalina.core.StandardService : 173 ] - Stopping service [Tomcat]
2019-09-20 16:25:39.582 [ main ] - [ INFO  ] [ c.c.f.f.i.provider.DefaultApplicationProvider : 85 ] - App ID is set to spring-learning by app.id property from System Property
2019-09-20 16:25:39.588 [ main ] - [ INFO  ] [ c.c.f.f.internals.provider.DefaultServerProvider : 130 ] - Environment is set to null. Because it is not available in either (1) JVM system property 'env', (2) OS env variable 'ENV' nor (3) property 'env' from the properties InputStream.
2019-09-20 16:25:39.627 [ main ] - [ INFO  ] [ c.c.f.apollo.internals.DefaultMetaServerProvider : 42 ] - Located meta services from apollo.meta configuration: http://192.168.192.103:8080!
2019-09-20 16:25:39.630 [ main ] - [ INFO  ] [ com.ctrip.framework.apollo.core.MetaDomainConsts : 87 ] - Located meta server address http://192.168.192.103:8080 for env UNKNOWN from com.ctrip.framework.apollo.internals.DefaultMetaServerProvider
2019-09-20 16:25:58.085 [ main ] - [ INFO  ] [ com.portal.mayikt.com.mayikt.portal.PortalWebApplication : 647 ] - No active profile set, falling back to default profiles: default
2019-09-20 16:25:59.840 [ main ] - [ ERROR ] [ com.unity.core.config.WebConfiguration : 47 ] - ====WebMvcConfig.WebServerFactoryCustomizer===404错误跳转页面:/common/404.html
2019-09-20 16:26:00.073 [ main ] - [ INFO  ] [ org.apache.coyote.http11.Http11NioProtocol : 173 ] - Initializing ProtocolHandler ["http-nio-8200"]
2019-09-20 16:26:00.092 [ main ] - [ INFO  ] [ org.apache.catalina.core.StandardService : 173 ] - Starting service [Tomcat]
2019-09-20 16:26:00.092 [ main ] - [ INFO  ] [ org.apache.catalina.core.StandardEngine : 173 ] - Starting Servlet engine: [Apache Tomcat/9.0.22]
2019-09-20 16:26:00.268 [ main ] - [ INFO  ] [ o.a.c.core.ContainerBase.[Tomcat].[localhost].[/] : 173 ] - Initializing Spring embedded WebApplicationContext
2019-09-20 16:26:01.257 [ main ] - [ INFO  ] [ org.apache.catalina.core.StandardService : 173 ] - Stopping service [Tomcat]
2019-09-20 16:27:42.846 [ main ] - [ INFO  ] [ c.c.f.f.i.provider.DefaultApplicationProvider : 85 ] - App ID is set to spring-learning by app.id property from System Property
2019-09-20 16:27:42.851 [ main ] - [ INFO  ] [ c.c.f.f.internals.provider.DefaultServerProvider : 130 ] - Environment is set to null. Because it is not available in either (1) JVM system property 'env', (2) OS env variable 'ENV' nor (3) property 'env' from the properties InputStream.
2019-09-20 16:27:42.885 [ main ] - [ INFO  ] [ c.c.f.apollo.internals.DefaultMetaServerProvider : 42 ] - Located meta services from apollo.meta configuration: http://192.168.192.103:8080!
2019-09-20 16:27:42.890 [ main ] - [ INFO  ] [ com.ctrip.framework.apollo.core.MetaDomainConsts : 87 ] - Located meta server address http://192.168.192.103:8080 for env UNKNOWN from com.ctrip.framework.apollo.internals.DefaultMetaServerProvider
2019-09-20 16:28:01.197 [ main ] - [ INFO  ] [ com.portal.mayikt.com.mayikt.portal.PortalWebApplication : 647 ] - No active profile set, falling back to default profiles: default
2019-09-20 16:28:02.272 [ main ] - [ ERROR ] [ com.unity.core.config.WebConfiguration : 47 ] - ====WebMvcConfig.WebServerFactoryCustomizer===404错误跳转页面:/common/404.html
2019-09-20 16:28:02.430 [ main ] - [ INFO  ] [ org.apache.coyote.http11.Http11NioProtocol : 173 ] - Initializing ProtocolHandler ["http-nio-8200"]
2019-09-20 16:28:02.438 [ main ] - [ INFO  ] [ org.apache.catalina.core.StandardService : 173 ] - Starting service [Tomcat]
2019-09-20 16:28:02.438 [ main ] - [ INFO  ] [ org.apache.catalina.core.StandardEngine : 173 ] - Starting Servlet engine: [Apache Tomcat/9.0.22]
2019-09-20 16:28:02.596 [ main ] - [ INFO  ] [ o.a.c.core.ContainerBase.[Tomcat].[localhost].[/] : 173 ] - Initializing Spring embedded WebApplicationContext
2019-09-20 16:28:03.172 [ main ] - [ INFO  ] [ org.apache.catalina.core.StandardService : 173 ] - Stopping service [Tomcat]
2019-09-20 16:28:32.347 [ main ] - [ INFO  ] [ c.c.f.f.i.provider.DefaultApplicationProvider : 85 ] - App ID is set to spring-learning by app.id property from System Property
2019-09-20 16:28:32.352 [ main ] - [ INFO  ] [ c.c.f.f.internals.provider.DefaultServerProvider : 130 ] - Environment is set to null. Because it is not available in either (1) JVM system property 'env', (2) OS env variable 'ENV' nor (3) property 'env' from the properties InputStream.
2019-09-20 16:28:32.385 [ main ] - [ INFO  ] [ c.c.f.apollo.internals.DefaultMetaServerProvider : 42 ] - Located meta services from apollo.meta configuration: http://192.168.192.103:8080!
2019-09-20 16:28:32.388 [ main ] - [ INFO  ] [ com.ctrip.framework.apollo.core.MetaDomainConsts : 87 ] - Located meta server address http://192.168.192.103:8080 for env UNKNOWN from com.ctrip.framework.apollo.internals.DefaultMetaServerProvider
2019-09-20 16:28:50.713 [ main ] - [ INFO  ] [ com.portal.mayikt.com.mayikt.portal.PortalWebApplication : 647 ] - No active profile set, falling back to default profiles: default
2019-09-20 16:28:52.010 [ main ] - [ ERROR ] [ com.unity.core.config.WebConfiguration : 47 ] - ====WebMvcConfig.WebServerFactoryCustomizer===404错误跳转页面:/common/404.html
2019-09-20 16:28:52.230 [ main ] - [ INFO  ] [ org.apache.coyote.http11.Http11NioProtocol : 173 ] - Initializing ProtocolHandler ["http-nio-8200"]
2019-09-20 16:28:52.241 [ main ] - [ INFO  ] [ org.apache.catalina.core.StandardService : 173 ] - Starting service [Tomcat]
2019-09-20 16:28:52.241 [ main ] - [ INFO  ] [ org.apache.catalina.core.StandardEngine : 173 ] - Starting Servlet engine: [Apache Tomcat/9.0.22]
2019-09-20 16:28:52.412 [ main ] - [ INFO  ] [ o.a.c.core.ContainerBase.[Tomcat].[localhost].[/] : 173 ] - Initializing Spring embedded WebApplicationContext
2019-09-20 16:28:52.983 [ main ] - [ INFO  ] [ org.apache.catalina.core.StandardService : 173 ] - Stopping service [Tomcat]
2019-09-20 16:49:55.949 [ main ] - [ INFO  ] [ c.c.f.f.i.provider.DefaultApplicationProvider : 85 ] - App ID is set to spring-learning by app.id property from System Property
2019-09-20 16:49:55.956 [ main ] - [ INFO  ] [ c.c.f.f.internals.provider.DefaultServerProvider : 130 ] - Environment is set to null. Because it is not available in either (1) JVM system property 'env', (2) OS env variable 'ENV' nor (3) property 'env' from the properties InputStream.
2019-09-20 16:49:55.993 [ main ] - [ INFO  ] [ c.c.f.apollo.internals.DefaultMetaServerProvider : 42 ] - Located meta services from apollo.meta configuration: http://192.168.192.103:8080!
2019-09-20 16:49:55.996 [ main ] - [ INFO  ] [ com.ctrip.framework.apollo.core.MetaDomainConsts : 87 ] - Located meta server address http://192.168.192.103:8080 for env UNKNOWN from com.ctrip.framework.apollo.internals.DefaultMetaServerProvider
2019-09-20 16:50:14.360 [ main ] - [ INFO  ] [ com.portal.mayikt.com.mayikt.portal.PortalWebApplication : 647 ] - No active profile set, falling back to default profiles: default
2019-09-20 16:50:15.418 [ main ] - [ ERROR ] [ com.unity.core.config.WebConfiguration : 47 ] - ====WebMvcConfig.WebServerFactoryCustomizer===404错误跳转页面:/common/404.html
2019-09-20 16:50:15.575 [ main ] - [ INFO  ] [ org.apache.coyote.http11.Http11NioProtocol : 173 ] - Initializing ProtocolHandler ["http-nio-8200"]
2019-09-20 16:50:15.584 [ main ] - [ INFO  ] [ org.apache.catalina.core.StandardService : 173 ] - Starting service [Tomcat]
2019-09-20 16:50:15.584 [ main ] - [ INFO  ] [ org.apache.catalina.core.StandardEngine : 173 ] - Starting Servlet engine: [Apache Tomcat/9.0.22]
2019-09-20 16:50:15.741 [ main ] - [ INFO  ] [ o.a.c.core.ContainerBase.[Tomcat].[localhost].[/] : 173 ] - Initializing Spring embedded WebApplicationContext
2019-09-20 16:50:16.263 [ main ] - [ INFO  ] [ org.apache.catalina.core.StandardService : 173 ] - Stopping service [Tomcat]
2019-09-20 16:54:00.219 [ main ] - [ INFO  ] [ c.c.f.f.i.provider.DefaultApplicationProvider : 85 ] - App ID is set to spring-learning by app.id property from System Property
2019-09-20 16:54:00.225 [ main ] - [ INFO  ] [ c.c.f.f.internals.provider.DefaultServerProvider : 130 ] - Environment is set to null. Because it is not available in either (1) JVM system property 'env', (2) OS env variable 'ENV' nor (3) property 'env' from the properties InputStream.
2019-09-20 16:54:00.259 [ main ] - [ INFO  ] [ c.c.f.apollo.internals.DefaultMetaServerProvider : 42 ] - Located meta services from apollo.meta configuration: http://192.168.192.103:8080!
2019-09-20 16:54:00.262 [ main ] - [ INFO  ] [ com.ctrip.framework.apollo.core.MetaDomainConsts : 87 ] - Located meta server address http://192.168.192.103:8080 for env UNKNOWN from com.ctrip.framework.apollo.internals.DefaultMetaServerProvider
2019-09-20 16:54:18.586 [ main ] - [ INFO  ] [ com.portal.mayikt.com.mayikt.portal.PortalWebApplication : 647 ] - No active profile set, falling back to default profiles: default
2019-09-20 16:54:19.643 [ main ] - [ ERROR ] [ com.unity.core.config.WebConfiguration : 47 ] - ====WebMvcConfig.WebServerFactoryCustomizer===404错误跳转页面:/common/404.html
2019-09-20 16:54:19.816 [ main ] - [ INFO  ] [ org.apache.coyote.http11.Http11NioProtocol : 173 ] - Initializing ProtocolHandler ["http-nio-8200"]
2019-09-20 16:54:19.825 [ main ] - [ INFO  ] [ org.apache.catalina.core.StandardService : 173 ] - Starting service [Tomcat]
2019-09-20 16:54:19.825 [ main ] - [ INFO  ] [ org.apache.catalina.core.StandardEngine : 173 ] - Starting Servlet engine: [Apache Tomcat/9.0.22]
2019-09-20 16:54:19.992 [ main ] - [ INFO  ] [ o.a.c.core.ContainerBase.[Tomcat].[localhost].[/] : 173 ] - Initializing Spring embedded WebApplicationContext
2019-09-20 16:54:20.557 [ main ] - [ INFO  ] [ org.apache.catalina.core.StandardService : 173 ] - Stopping service [Tomcat]
2019-09-20 16:57:11.052 [ main ] - [ INFO  ] [ c.c.f.f.i.provider.DefaultApplicationProvider : 85 ] - App ID is set to spring-learning by app.id property from System Property
2019-09-20 16:57:11.059 [ main ] - [ INFO  ] [ c.c.f.f.internals.provider.DefaultServerProvider : 130 ] - Environment is set to null. Because it is not available in either (1) JVM system property 'env', (2) OS env variable 'ENV' nor (3) property 'env' from the properties InputStream.
2019-09-20 16:57:11.096 [ main ] - [ INFO  ] [ c.c.f.apollo.internals.DefaultMetaServerProvider : 42 ] - Located meta services from apollo.meta configuration: http://192.168.192.103:8080!
2019-09-20 16:57:11.099 [ main ] - [ INFO  ] [ com.ctrip.framework.apollo.core.MetaDomainConsts : 87 ] - Located meta server address http://192.168.192.103:8080 for env UNKNOWN from com.ctrip.framework.apollo.internals.DefaultMetaServerProvider
2019-09-20 16:57:29.425 [ main ] - [ INFO  ] [ com.portal.mayikt.com.mayikt.portal.PortalWebApplication : 647 ] - No active profile set, falling back to default profiles: default
2019-09-20 16:57:30.484 [ main ] - [ ERROR ] [ com.unity.core.config.WebConfiguration : 47 ] - ====WebMvcConfig.WebServerFactoryCustomizer===404错误跳转页面:/common/404.html
2019-09-20 16:57:30.645 [ main ] - [ INFO  ] [ org.apache.coyote.http11.Http11NioProtocol : 173 ] - Initializing ProtocolHandler ["http-nio-8200"]
2019-09-20 16:57:30.653 [ main ] - [ INFO  ] [ org.apache.catalina.core.StandardService : 173 ] - Starting service [Tomcat]
2019-09-20 16:57:30.654 [ main ] - [ INFO  ] [ org.apache.catalina.core.StandardEngine : 173 ] - Starting Servlet engine: [Apache Tomcat/9.0.22]
2019-09-20 16:57:30.844 [ main ] - [ INFO  ] [ o.a.c.core.ContainerBase.[Tomcat].[localhost].[/] : 173 ] - Initializing Spring embedded WebApplicationContext
2019-09-20 16:57:31.406 [ main ] - [ INFO  ] [ org.apache.catalina.core.StandardService : 173 ] - Stopping service [Tomcat]
2019-09-20 16:59:30.494 [ main ] - [ INFO  ] [ c.c.f.f.i.provider.DefaultApplicationProvider : 85 ] - App ID is set to spring-learning by app.id property from System Property
2019-09-20 16:59:30.499 [ main ] - [ INFO  ] [ c.c.f.f.internals.provider.DefaultServerProvider : 130 ] - Environment is set to null. Because it is not available in either (1) JVM system property 'env', (2) OS env variable 'ENV' nor (3) property 'env' from the properties InputStream.
2019-09-20 16:59:30.534 [ main ] - [ INFO  ] [ c.c.f.apollo.internals.DefaultMetaServerProvider : 42 ] - Located meta services from apollo.meta configuration: http://192.168.192.103:8080!
2019-09-20 16:59:30.537 [ main ] - [ INFO  ] [ com.ctrip.framework.apollo.core.MetaDomainConsts : 87 ] - Located meta server address http://192.168.192.103:8080 for env UNKNOWN from com.ctrip.framework.apollo.internals.DefaultMetaServerProvider
2019-09-20 16:59:48.857 [ main ] - [ INFO  ] [ com.portal.mayikt.com.mayikt.portal.PortalWebApplication : 647 ] - No active profile set, falling back to default profiles: default
2019-09-20 16:59:49.903 [ main ] - [ ERROR ] [ com.unity.core.config.WebConfiguration : 47 ] - ====WebMvcConfig.WebServerFactoryCustomizer===404错误跳转页面:/common/404.html
2019-09-20 16:59:50.070 [ main ] - [ INFO  ] [ org.apache.coyote.http11.Http11NioProtocol : 173 ] - Initializing ProtocolHandler ["http-nio-8200"]
2019-09-20 16:59:50.079 [ main ] - [ INFO  ] [ org.apache.catalina.core.StandardService : 173 ] - Starting service [Tomcat]
2019-09-20 16:59:50.079 [ main ] - [ INFO  ] [ org.apache.catalina.core.StandardEngine : 173 ] - Starting Servlet engine: [Apache Tomcat/9.0.22]
2019-09-20 16:59:50.235 [ main ] - [ INFO  ] [ o.a.c.core.ContainerBase.[Tomcat].[localhost].[/] : 173 ] - Initializing Spring embedded WebApplicationContext
2019-09-20 16:59:50.771 [ main ] - [ INFO  ] [ org.apache.catalina.core.StandardService : 173 ] - Stopping service [Tomcat]
2019-09-20 17:03:18.754 [ main ] - [ INFO  ] [ c.c.f.f.i.provider.DefaultApplicationProvider : 85 ] - App ID is set to spring-learning by app.id property from System Property
2019-09-20 17:03:18.761 [ main ] - [ INFO  ] [ c.c.f.f.internals.provider.DefaultServerProvider : 130 ] - Environment is set to null. Because it is not available in either (1) JVM system property 'env', (2) OS env variable 'ENV' nor (3) property 'env' from the properties InputStream.
2019-09-20 17:03:18.818 [ main ] - [ INFO  ] [ c.c.f.apollo.internals.DefaultMetaServerProvider : 42 ] - Located meta services from apollo.meta configuration: http://192.168.192.103:8080!
2019-09-20 17:03:18.822 [ main ] - [ INFO  ] [ com.ctrip.framework.apollo.core.MetaDomainConsts : 87 ] - Located meta server address http://192.168.192.103:8080 for env UNKNOWN from com.ctrip.framework.apollo.internals.DefaultMetaServerProvider
2019-09-20 17:03:37.423 [ main ] - [ INFO  ] [ com.portal.mayikt.com.mayikt.portal.PortalWebApplication : 647 ] - No active profile set, falling back to default profiles: default
2019-09-20 17:03:38.967 [ main ] - [ ERROR ] [ com.unity.core.config.WebConfiguration : 47 ] - ====WebMvcConfig.WebServerFactoryCustomizer===404错误跳转页面:/common/404.html
2019-09-20 17:03:39.353 [ main ] - [ INFO  ] [ org.apache.coyote.http11.Http11NioProtocol : 173 ] - Initializing ProtocolHandler ["http-nio-8200"]
2019-09-20 17:03:39.364 [ main ] - [ INFO  ] [ org.apache.catalina.core.StandardService : 173 ] - Starting service [Tomcat]
2019-09-20 17:03:39.364 [ main ] - [ INFO  ] [ org.apache.catalina.core.StandardEngine : 173 ] - Starting Servlet engine: [Apache Tomcat/9.0.22]
2019-09-20 17:03:39.651 [ main ] - [ INFO  ] [ o.a.c.core.ContainerBase.[Tomcat].[localhost].[/] : 173 ] - Initializing Spring embedded WebApplicationContext
2019-09-20 17:03:40.457 [ main ] - [ INFO  ] [ org.apache.catalina.core.StandardService : 173 ] - Stopping service [Tomcat]
2019-09-20 17:13:07.308 [ main ] - [ INFO  ] [ c.c.f.f.i.provider.DefaultApplicationProvider : 85 ] - App ID is set to spring-learning by app.id property from System Property
2019-09-20 17:13:07.315 [ main ] - [ INFO  ] [ c.c.f.f.internals.provider.DefaultServerProvider : 130 ] - Environment is set to null. Because it is not available in either (1) JVM system property 'env', (2) OS env variable 'ENV' nor (3) property 'env' from the properties InputStream.
2019-09-20 17:13:07.368 [ main ] - [ INFO  ] [ c.c.f.apollo.internals.DefaultMetaServerProvider : 42 ] - Located meta services from apollo.meta configuration: http://192.168.192.103:8080!
2019-09-20 17:13:07.372 [ main ] - [ INFO  ] [ com.ctrip.framework.apollo.core.MetaDomainConsts : 87 ] - Located meta server address http://192.168.192.103:8080 for env UNKNOWN from com.ctrip.framework.apollo.internals.DefaultMetaServerProvider
2019-09-20 17:13:25.735 [ main ] - [ INFO  ] [ com.portal.mayikt.com.mayikt.portal.PortalWebApplication : 647 ] - No active profile set, falling back to default profiles: default
2019-09-20 17:13:27.242 [ main ] - [ ERROR ] [ com.unity.core.config.WebConfiguration : 47 ] - ====WebMvcConfig.WebServerFactoryCustomizer===404错误跳转页面:/common/404.html
2019-09-20 17:13:27.639 [ main ] - [ INFO  ] [ org.apache.coyote.http11.Http11NioProtocol : 173 ] - Initializing ProtocolHandler ["http-nio-8200"]
2019-09-20 17:13:27.651 [ main ] - [ INFO  ] [ org.apache.catalina.core.StandardService : 173 ] - Starting service [Tomcat]
2019-09-20 17:13:27.652 [ main ] - [ INFO  ] [ org.apache.catalina.core.StandardEngine : 173 ] - Starting Servlet engine: [Apache Tomcat/9.0.22]
2019-09-20 17:13:27.898 [ main ] - [ INFO  ] [ o.a.c.core.ContainerBase.[Tomcat].[localhost].[/] : 173 ] - Initializing Spring embedded WebApplicationContext
2019-09-20 17:13:28.455 [ main ] - [ INFO  ] [ org.apache.catalina.core.StandardService : 173 ] - Stopping service [Tomcat]
2019-09-20 17:14:10.349 [ main ] - [ INFO  ] [ c.c.f.f.i.provider.DefaultApplicationProvider : 85 ] - App ID is set to spring-learning by app.id property from System Property
2019-09-20 17:14:10.354 [ main ] - [ INFO  ] [ c.c.f.f.internals.provider.DefaultServerProvider : 130 ] - Environment is set to null. Because it is not available in either (1) JVM system property 'env', (2) OS env variable 'ENV' nor (3) property 'env' from the properties InputStream.
2019-09-20 17:14:10.389 [ main ] - [ INFO  ] [ c.c.f.apollo.internals.DefaultMetaServerProvider : 42 ] - Located meta services from apollo.meta configuration: http://192.168.192.103:8080!
2019-09-20 17:14:10.392 [ main ] - [ INFO  ] [ com.ctrip.framework.apollo.core.MetaDomainConsts : 87 ] - Located meta server address http://192.168.192.103:8080 for env UNKNOWN from com.ctrip.framework.apollo.internals.DefaultMetaServerProvider
2019-09-20 17:14:28.711 [ main ] - [ INFO  ] [ com.portal.mayikt.com.mayikt.portal.PortalWebApplication : 647 ] - No active profile set, falling back to default profiles: default
2019-09-20 17:14:29.826 [ main ] - [ ERROR ] [ com.unity.core.config.WebConfiguration : 47 ] - ====WebMvcConfig.WebServerFactoryCustomizer===404错误跳转页面:/common/404.html
2019-09-20 17:14:29.997 [ main ] - [ INFO  ] [ org.apache.coyote.http11.Http11NioProtocol : 173 ] - Initializing ProtocolHandler ["http-nio-8200"]
2019-09-20 17:14:30.006 [ main ] - [ INFO  ] [ org.apache.catalina.core.StandardService : 173 ] - Starting service [Tomcat]
2019-09-20 17:14:30.006 [ main ] - [ INFO  ] [ org.apache.catalina.core.StandardEngine : 173 ] - Starting Servlet engine: [Apache Tomcat/9.0.22]
2019-09-20 17:14:30.173 [ main ] - [ INFO  ] [ o.a.c.core.ContainerBase.[Tomcat].[localhost].[/] : 173 ] - Initializing Spring embedded WebApplicationContext
2019-09-20 17:14:30.488 [ main ] - [ INFO  ] [ org.apache.catalina.core.StandardService : 173 ] - Stopping service [Tomcat]
2019-09-20 17:29:50.108 [ main ] - [ INFO  ] [ com.mayikt.com.mayikt.portal.PortalWebApplication : 647 ] - No active profile set, falling back to default profiles: default
2019-09-20 17:29:50.843 [ main ] - [ WARN  ] [ c.c.f.f.i.provider.DefaultApplicationProvider : 98 ] - app.id is not available from System Property and /META-INF/app.properties. It is set to null
2019-09-20 17:29:50.845 [ main ] - [ INFO  ] [ c.c.f.f.internals.provider.DefaultServerProvider : 130 ] - Environment is set to null. Because it is not available in either (1) JVM system property 'env', (2) OS env variable 'ENV' nor (3) property 'env' from the properties InputStream.
2019-09-20 17:29:50.955 [ main ] - [ WARN  ] [ c.c.f.apollo.internals.DefaultMetaServerProvider : 39 ] - Could not find meta server address, because it is not available in neither (1) JVM system property 'apollo.meta', (2) OS env variable 'APOLLO_META' (3) property 'apollo.meta' from server.properties nor (4) property 'apollo.meta' from app.properties
2019-09-20 17:29:50.958 [ main ] - [ WARN  ] [ com.ctrip.framework.apollo.core.MetaDomainConsts : 96 ] - Meta server address fallback to http://apollo.meta for env UNKNOWN, because it is not available in all MetaServerProviders
2019-09-20 17:29:50.958 [ main ] - [ WARN  ] [ com.ctrip.framework.apollo.util.ConfigUtil : 58 ] - app.id is not set, please make sure it is set in classpath:/META-INF/app.properties, now apollo will only load public namespace configurations!
2019-09-20 17:30:11.553 [ main ] - [ WARN  ] [ com.ctrip.framework.apollo.util.ConfigUtil : 58 ] - app.id is not set, please make sure it is set in classpath:/META-INF/app.properties, now apollo will only load public namespace configurations!
2019-09-20 17:30:11.554 [ main ] - [ WARN  ] [ com.ctrip.framework.apollo.util.ConfigUtil : 58 ] - app.id is not set, please make sure it is set in classpath:/META-INF/app.properties, now apollo will only load public namespace configurations!
2019-09-20 17:30:13.556 [ main ] - [ WARN  ] [ c.c.f.apollo.internals.AbstractConfigRepository : 26 ] - Sync config failed, will retry. Repository class com.ctrip.framework.apollo.internals.RemoteConfigRepository, reason: Get config services failed from http://apollo.meta/services/config?appId=ApolloNoAppIdPlaceHolder&ip=192.168.137.1 [Cause: Could not complete get operation [Cause: apollo.meta]]
2019-09-20 17:30:13.557 [ main ] - [ WARN  ] [ com.ctrip.framework.apollo.util.ConfigUtil : 58 ] - app.id is not set, please make sure it is set in classpath:/META-INF/app.properties, now apollo will only load public namespace configurations!
2019-09-20 17:30:13.558 [ main ] - [ WARN  ] [ com.ctrip.framework.apollo.util.ConfigUtil : 58 ] - app.id is not set, please make sure it is set in classpath:/META-INF/app.properties, now apollo will only load public namespace configurations!
2019-09-20 17:30:13.560 [ main ] - [ WARN  ] [ com.ctrip.framework.apollo.util.ConfigUtil : 58 ] - app.id is not set, please make sure it is set in classpath:/META-INF/app.properties, now apollo will only load public namespace configurations!
2019-09-20 17:30:13.560 [ main ] - [ WARN  ] [ com.ctrip.framework.apollo.util.ConfigUtil : 58 ] - app.id is not set, please make sure it is set in classpath:/META-INF/app.properties, now apollo will only load public namespace configurations!
2019-09-20 17:30:15.563 [ main ] - [ WARN  ] [ c.c.f.apollo.internals.LocalFileConfigRepository : 158 ] - Sync config from upstream repository class com.ctrip.framework.apollo.internals.RemoteConfigRepository failed, reason: Get config services failed from http://apollo.meta/services/config?appId=ApolloNoAppIdPlaceHolder&ip=192.168.137.1 [Cause: Could not complete get operation [Cause: apollo.meta]]
2019-09-20 17:30:15.563 [ Apollo-RemoteConfigLongPollService-1 ] - [ WARN  ] [ com.ctrip.framework.apollo.util.ConfigUtil : 58 ] - app.id is not set, please make sure it is set in classpath:/META-INF/app.properties, now apollo will only load public namespace configurations!
2019-09-20 17:30:15.564 [ main ] - [ WARN  ] [ com.ctrip.framework.apollo.util.ConfigUtil : 58 ] - app.id is not set, please make sure it is set in classpath:/META-INF/app.properties, now apollo will only load public namespace configurations!
2019-09-20 17:30:17.566 [ main ] - [ WARN  ] [ com.ctrip.framework.apollo.util.ConfigUtil : 58 ] - app.id is not set, please make sure it is set in classpath:/META-INF/app.properties, now apollo will only load public namespace configurations!
2019-09-20 17:30:17.567 [ Apollo-RemoteConfigLongPollService-1 ] - [ WARN  ] [ c.c.f.apollo.internals.RemoteConfigLongPollService : 193 ] - Long polling failed, will retry in 1 seconds. appId: ApolloNoAppIdPlaceHolder, cluster: default, namespaces: application, long polling url: null, reason: Get config services failed from http://apollo.meta/services/config?appId=ApolloNoAppIdPlaceHolder&ip=192.168.137.1 [Cause: Could not complete get operation [Cause: apollo.meta]]
2019-09-20 17:30:19.568 [ main ] - [ WARN  ] [ c.c.f.apollo.internals.LocalFileConfigRepository : 158 ] - Sync config from upstream repository class com.ctrip.framework.apollo.internals.RemoteConfigRepository failed, reason: Get config services failed from http://apollo.meta/services/config?appId=ApolloNoAppIdPlaceHolder&ip=192.168.137.1 [Cause: Could not complete get operation [Cause: apollo.meta]]
2019-09-20 17:30:19.568 [ Apollo-RemoteConfigLongPollService-1 ] - [ WARN  ] [ com.ctrip.framework.apollo.util.ConfigUtil : 58 ] - app.id is not set, please make sure it is set in classpath:/META-INF/app.properties, now apollo will only load public namespace configurations!
2019-09-20 17:30:19.568 [ main ] - [ WARN  ] [ com.ctrip.framework.apollo.util.ConfigUtil : 58 ] - app.id is not set, please make sure it is set in classpath:/META-INF/app.properties, now apollo will only load public namespace configurations!
2019-09-20 17:30:19.569 [ main ] - [ WARN  ] [ c.c.f.apollo.internals.AbstractConfigRepository : 26 ] - Sync config failed, will retry. Repository class com.ctrip.framework.apollo.internals.LocalFileConfigRepository, reason: Load config from local config failed! [Cause: Cannot read from local cache file C:\opt\data\ApolloNoAppIdPlaceHolder\config-cache\ApolloNoAppIdPlaceHolder+default+application.properties]
2019-09-20 17:30:19.570 [ main ] - [ WARN  ] [ com.ctrip.framework.apollo.util.ConfigUtil : 58 ] - app.id is not set, please make sure it is set in classpath:/META-INF/app.properties, now apollo will only load public namespace configurations!
2019-09-20 17:30:21.662 [ Apollo-RemoteConfigLongPollService-1 ] - [ WARN  ] [ c.c.f.apollo.internals.RemoteConfigLongPollService : 193 ] - Long polling failed, will retry in 2 seconds. appId: ApolloNoAppIdPlaceHolder, cluster: default, namespaces: application, long polling url: null, reason: Get config services failed from http://apollo.meta/services/config?appId=ApolloNoAppIdPlaceHolder&ip=192.168.137.1 [Cause: Could not complete get operation [Cause: apollo.meta]]
2019-09-20 17:30:21.662 [ main ] - [ WARN  ] [ com.ctrip.framework.apollo.util.ConfigUtil : 58 ] - app.id is not set, please make sure it is set in classpath:/META-INF/app.properties, now apollo will only load public namespace configurations!
2019-09-20 17:30:23.664 [ main ] - [ WARN  ] [ c.c.f.apollo.internals.LocalFileConfigRepository : 158 ] - Sync config from upstream repository class com.ctrip.framework.apollo.internals.RemoteConfigRepository failed, reason: Get config services failed from http://apollo.meta/services/config?appId=ApolloNoAppIdPlaceHolder&ip=192.168.137.1 [Cause: Could not complete get operation [Cause: apollo.meta]]
2019-09-20 17:30:23.664 [ Apollo-RemoteConfigLongPollService-1 ] - [ WARN  ] [ com.ctrip.framework.apollo.util.ConfigUtil : 58 ] - app.id is not set, please make sure it is set in classpath:/META-INF/app.properties, now apollo will only load public namespace configurations!
2019-09-20 17:30:23.664 [ main ] - [ WARN  ] [ com.ctrip.framework.apollo.util.ConfigUtil : 58 ] - app.id is not set, please make sure it is set in classpath:/META-INF/app.properties, now apollo will only load public namespace configurations!
2019-09-20 17:30:23.665 [ main ] - [ WARN  ] [ com.ctrip.framework.apollo.internals.DefaultConfig : 58 ] - Init Apollo Local Config failed - namespace: application, reason: Load config from local config failed! [Cause: Cannot read from local cache file C:\opt\data\ApolloNoAppIdPlaceHolder\config-cache\ApolloNoAppIdPlaceHolder+default+application.properties].
2019-09-20 17:30:23.685 [ main ] - [ WARN  ] [ com.ctrip.framework.apollo.internals.DefaultConfig : 92 ] - Could not load config for namespace application from Apollo, please check whether the configs are released in Apollo! Return default value now!
2019-09-20 17:30:24.015 [ main ] - [ INFO  ] [ org.apache.coyote.http11.Http11NioProtocol : 173 ] - Initializing ProtocolHandler ["http-nio-8400"]
2019-09-20 17:30:24.022 [ main ] - [ INFO  ] [ org.apache.catalina.core.StandardService : 173 ] - Starting service [Tomcat]
2019-09-20 17:30:24.023 [ main ] - [ INFO  ] [ org.apache.catalina.core.StandardEngine : 173 ] - Starting Servlet engine: [Apache Tomcat/9.0.22]
2019-09-20 17:30:24.175 [ main ] - [ INFO  ] [ o.a.c.core.ContainerBase.[Tomcat].[localhost].[/] : 173 ] - Initializing Spring embedded WebApplicationContext
2019-09-20 17:30:24.468 [ main ] - [ INFO  ] [ org.apache.catalina.core.StandardService : 173 ] - Stopping service [Tomcat]
2019-09-20 17:30:47.046 [ main ] - [ INFO  ] [ com.mayikt.com.mayikt.portal.PortalWebApplication : 647 ] - No active profile set, falling back to default profiles: default
2019-09-20 17:30:48.171 [ main ] - [ INFO  ] [ org.apache.coyote.http11.Http11NioProtocol : 173 ] - Initializing ProtocolHandler ["http-nio-8400"]
2019-09-20 17:30:48.186 [ main ] - [ INFO  ] [ org.apache.catalina.core.StandardService : 173 ] - Starting service [Tomcat]
2019-09-20 17:30:48.186 [ main ] - [ INFO  ] [ org.apache.catalina.core.StandardEngine : 173 ] - Starting Servlet engine: [Apache Tomcat/9.0.22]
2019-09-20 17:30:48.398 [ main ] - [ INFO  ] [ o.a.c.core.ContainerBase.[Tomcat].[localhost].[/] : 173 ] - Initializing Spring embedded WebApplicationContext
2019-09-20 17:30:48.753 [ main ] - [ INFO  ] [ org.apache.catalina.core.StandardService : 173 ] - Stopping service [Tomcat]
2019-09-20 17:32:35.614 [ main ] - [ INFO  ] [ com.mayikt.com.mayikt.portal.PortalWebApplication : 647 ] - No active profile set, falling back to default profiles: default
2019-09-20 17:32:36.686 [ main ] - [ INFO  ] [ org.apache.coyote.http11.Http11NioProtocol : 173 ] - Initializing ProtocolHandler ["http-nio-8400"]
2019-09-20 17:32:36.696 [ main ] - [ INFO  ] [ org.apache.catalina.core.StandardService : 173 ] - Starting service [Tomcat]
2019-09-20 17:32:36.696 [ main ] - [ INFO  ] [ org.apache.catalina.core.StandardEngine : 173 ] - Starting Servlet engine: [Apache Tomcat/9.0.22]
2019-09-20 17:32:36.855 [ main ] - [ INFO  ] [ o.a.c.core.ContainerBase.[Tomcat].[localhost].[/] : 173 ] - Initializing Spring embedded WebApplicationContext
2019-09-20 17:32:37.151 [ main ] - [ INFO  ] [ org.apache.catalina.core.StandardService : 173 ] - Stopping service [Tomcat]
2019-09-20 17:34:29.822 [ main ] - [ INFO  ] [ com.mayikt.com.mayikt.portal.PortalWebApplication : 647 ] - No active profile set, falling back to default profiles: default
2019-09-20 17:34:30.867 [ main ] - [ INFO  ] [ org.apache.coyote.http11.Http11NioProtocol : 173 ] - Initializing ProtocolHandler ["http-nio-8400"]
2019-09-20 17:34:30.876 [ main ] - [ INFO  ] [ org.apache.catalina.core.StandardService : 173 ] - Starting service [Tomcat]
2019-09-20 17:34:30.877 [ main ] - [ INFO  ] [ org.apache.catalina.core.StandardEngine : 173 ] - Starting Servlet engine: [Apache Tomcat/9.0.22]
2019-09-20 17:34:31.055 [ main ] - [ INFO  ] [ o.a.c.core.ContainerBase.[Tomcat].[localhost].[/] : 173 ] - Initializing Spring embedded WebApplicationContext
2019-09-20 17:34:31.362 [ main ] - [ INFO  ] [ org.apache.catalina.core.StandardService : 173 ] - Stopping service [Tomcat]
2019-09-20 17:37:07.680 [ main ] - [ INFO  ] [ com.mayikt.com.mayikt.portal.PortalWebApplication : 647 ] - No active profile set, falling back to default profiles: default
2019-09-20 17:37:08.714 [ main ] - [ INFO  ] [ org.apache.coyote.http11.Http11NioProtocol : 173 ] - Initializing ProtocolHandler ["http-nio-8400"]
2019-09-20 17:37:08.725 [ main ] - [ INFO  ] [ org.apache.catalina.core.StandardService : 173 ] - Starting service [Tomcat]
2019-09-20 17:37:08.725 [ main ] - [ INFO  ] [ org.apache.catalina.core.StandardEngine : 173 ] - Starting Servlet engine: [Apache Tomcat/9.0.22]
2019-09-20 17:37:08.887 [ main ] - [ INFO  ] [ o.a.c.core.ContainerBase.[Tomcat].[localhost].[/] : 173 ] - Initializing Spring embedded WebApplicationContext
2019-09-20 17:37:09.182 [ main ] - [ INFO  ] [ org.apache.catalina.core.StandardService : 173 ] - Stopping service [Tomcat]
2019-09-20 17:37:30.458 [ main ] - [ INFO  ] [ com.mayikt.com.mayikt.portal.PortalWebApplication : 647 ] - No active profile set, falling back to default profiles: default
2019-09-20 17:37:31.498 [ main ] - [ INFO  ] [ org.apache.coyote.http11.Http11NioProtocol : 173 ] - Initializing ProtocolHandler ["http-nio-8400"]
2019-09-20 17:37:31.506 [ main ] - [ INFO  ] [ org.apache.catalina.core.StandardService : 173 ] - Starting service [Tomcat]
2019-09-20 17:37:31.506 [ main ] - [ INFO  ] [ org.apache.catalina.core.StandardEngine : 173 ] - Starting Servlet engine: [Apache Tomcat/9.0.22]
2019-09-20 17:37:31.663 [ main ] - [ INFO  ] [ o.a.c.core.ContainerBase.[Tomcat].[localhost].[/] : 173 ] - Initializing Spring embedded WebApplicationContext
2019-09-20 17:37:31.965 [ main ] - [ INFO  ] [ org.apache.catalina.core.StandardService : 173 ] - Stopping service [Tomcat]
2019-09-20 17:37:52.111 [ main ] - [ INFO  ] [ com.mayikt.com.mayikt.portal.PortalWebApplication : 647 ] - No active profile set, falling back to default profiles: default
2019-09-20 17:37:53.137 [ main ] - [ INFO  ] [ org.apache.coyote.http11.Http11NioProtocol : 173 ] - Initializing ProtocolHandler ["http-nio-8600"]
2019-09-20 17:37:53.147 [ main ] - [ INFO  ] [ org.apache.catalina.core.StandardService : 173 ] - Starting service [Tomcat]
2019-09-20 17:37:53.147 [ main ] - [ INFO  ] [ org.apache.catalina.core.StandardEngine : 173 ] - Starting Servlet engine: [Apache Tomcat/9.0.22]
2019-09-20 17:37:53.300 [ main ] - [ INFO  ] [ o.a.c.core.ContainerBase.[Tomcat].[localhost].[/] : 173 ] - Initializing Spring embedded WebApplicationContext
2019-09-20 17:37:53.583 [ main ] - [ INFO  ] [ org.apache.catalina.core.StandardService : 173 ] - Stopping service [Tomcat]
2019-09-20 17:38:18.372 [ main ] - [ INFO  ] [ com.mayikt.com.mayikt.portal.PortalWebApplication : 647 ] - No active profile set, falling back to default profiles: default
2019-09-20 17:38:19.414 [ main ] - [ INFO  ] [ org.apache.coyote.http11.Http11NioProtocol : 173 ] - Initializing ProtocolHandler ["http-nio-8600"]
2019-09-20 17:38:19.422 [ main ] - [ INFO  ] [ org.apache.catalina.core.StandardService : 173 ] - Starting service [Tomcat]
2019-09-20 17:38:19.422 [ main ] - [ INFO  ] [ org.apache.catalina.core.StandardEngine : 173 ] - Starting Servlet engine: [Apache Tomcat/9.0.22]
2019-09-20 17:38:19.575 [ main ] - [ INFO  ] [ o.a.c.core.ContainerBase.[Tomcat].[localhost].[/] : 173 ] - Initializing Spring embedded WebApplicationContext
2019-09-20 17:38:19.881 [ main ] - [ INFO  ] [ org.apache.catalina.core.StandardService : 173 ] - Stopping service [Tomcat]
2019-09-20 17:40:33.650 [ main ] - [ INFO  ] [ com.mayikt.com.mayikt.portal.PortalWebApplication : 647 ] - No active profile set, falling back to default profiles: default
2019-09-20 17:40:34.991 [ main ] - [ INFO  ] [ org.apache.coyote.http11.Http11NioProtocol : 173 ] - Initializing ProtocolHandler ["http-nio-8600"]
2019-09-20 17:40:35.001 [ main ] - [ INFO  ] [ org.apache.catalina.core.StandardService : 173 ] - Starting service [Tomcat]
2019-09-20 17:40:35.001 [ main ] - [ INFO  ] [ org.apache.catalina.core.StandardEngine : 173 ] - Starting Servlet engine: [Apache Tomcat/9.0.22]
2019-09-20 17:40:35.211 [ main ] - [ INFO  ] [ o.a.c.core.ContainerBase.[Tomcat].[localhost].[/] : 173 ] - Initializing Spring embedded WebApplicationContext
2019-09-20 17:40:35.607 [ main ] - [ INFO  ] [ org.apache.catalina.core.StandardService : 173 ] - Stopping service [Tomcat]
